2021-09-10 12:41:35,749 File /usr/lib/python3.8/email/_parseaddr.py first seen with mtime 1622630955.0
2021-09-10 12:41:35,749 File /usr/lib/python3.8/ssl.py first seen with mtime 1622630955.0
2021-09-10 12:41:35,749 File /usr/lib/python3.8/_sitebuiltins.py first seen with mtime 1622630955.0
2021-09-10 12:41:35,749 File /var/www/html/passwordmanager/env/lib/python3.8/site-packages/django/utils/translation/reloader.py first seen with mtime 1629009988.4513888
2021-09-10 12:41:35,749 File /var/www/html/passwordmanager/env/lib/python3.8/site-packages/django/template/base.py first seen with mtime 1629009988.4393892
2021-09-10 12:41:35,749 File /var/www/html/passwordmanager/env/lib/python3.8/site-packages/django/contrib/admin/checks.py first seen with mtime 1629009988.1073947
2021-09-10 12:41:35,749 File /var/www/html/passwordmanager/env/lib/python3.8/site-packages/django/core/wsgi.py first seen with mtime 1629009988.4113896
2021-09-10 12:41:35,750 File /var/www/html/passwordmanager/env/lib/python3.8/site-packages/django/http/__init__.py first seen with mtime 1629009988.4393892
2021-09-10 12:41:35,750 File /var/www/html/passwordmanager/env/lib/python3.8/site-packages/django/apps/config.py first seen with mtime 1629009988.0433958
2021-09-10 12:41:35,750 File /usr/lib/python3.8/posixpath.py first seen with mtime 1622630955.0
2021-09-10 12:41:35,750 File /usr/lib/python3.8/asyncio/futures.py first seen with mtime 1622630955.0
2021-09-10 12:41:35,750 File /var/www/html/passwordmanager/env/lib/python3.8/site-packages/django/template/context.py first seen with mtime 1629009988.4393892
2021-09-10 12:41:35,750 File /var/www/html/passwordmanager/env/lib/python3.8/site-packages/django/db/backends/sqlite3/__init__.py first seen with mtime 1629009988.4233894
2021-09-10 12:41:35,750 File /usr/lib/python3.8/importlib/__init__.py first seen with mtime 1622630955.0
2021-09-10 12:41:35,750 File /var/www/html/passwordmanager/env/lib/python3.8/site-packages/django/contrib/sessions/base_session.py first seen with mtime 1629009988.3713903
2021-09-10 12:41:35,750 File /var/www/html/passwordmanager/env/lib/python3.8/site-packages/django/utils/tree.py first seen with mtime 1629009988.4513888
2021-09-10 12:41:35,750 File /var/www/html/passwordmanager/env/lib/python3.8/site-packages/django/test/__init__.py first seen with mtime 1629009988.4433892
2021-09-10 12:41:35,750 File /var/www/html/passwordmanager/env/lib/python3.8/site-packages/django/contrib/admin/models.py first seen with mtime 1629009988.1073947
2021-09-10 12:41:35,751 File /usr/lib/python3.8/asyncio/base_subprocess.py first seen with mtime 1622630955.0
2021-09-10 12:41:35,751 File /var/www/html/passwordmanager/env/lib/python3.8/site-packages/django/utils/inspect.py first seen with mtime 1629009988.4473891
2021-09-10 12:41:35,751 File /var/www/html/passwordmanager/env/lib/python3.8/site-packages/django/utils/_os.py first seen with mtime 1629009988.4473891
2021-09-10 12:41:35,751 File /var/www/html/passwordmanager/env/lib/python3.8/site-packages/django/utils/deprecation.py first seen with mtime 1629009988.4473891
2021-09-10 12:41:35,751 File /var/www/html/passwordmanager/env/lib/python3.8/site-packages/django/utils/translation/__init__.py first seen with mtime 1629009988.4513888
2021-09-10 12:41:35,751 File /var/www/html/passwordmanager/env/passwordmanagerapi/core/__init__.py first seen with mtime 1628431874.6904287
2021-09-10 12:41:35,751 File /var/www/html/passwordmanager/env/lib/python3.8/site-packages/rest_framework/utils/field_mapping.py first seen with mtime 1628431825.8548732
2021-09-10 12:41:35,751 File /var/www/html/passwordmanager/env/lib/python3.8/site-packages/django/core/cache/utils.py first seen with mtime 1629009988.4113896
2021-09-10 12:41:35,751 File /var/www/html/passwordmanager/env/lib/python3.8/site-packages/django/db/models/functions/comparison.py first seen with mtime 1629009988.4313893
2021-09-10 12:41:35,752 File /var/www/html/passwordmanager/env/lib/python3.8/site-packages/django/utils/dateparse.py first seen with mtime 1629009988.4473891
2021-09-10 12:41:35,752 File /var/www/html/passwordmanager/env/lib/python3.8/site-packages/django/contrib/contenttypes/fields.py first seen with mtime 1629009988.2313926
2021-09-10 12:41:35,752 File /var/www/html/passwordmanager/env/lib/python3.8/site-packages/django/contrib/auth/__init__.py first seen with mtime 1629009988.203393
2021-09-10 12:41:35,752 File /var/www/html/passwordmanager/env/lib/python3.8/site-packages/sqlparse/utils.py first seen with mtime 1629009987.319408
2021-09-10 12:41:35,752 File /var/www/html/passwordmanager/env/lib/python3.8/site-packages/sqlparse/filters/aligned_indent.py first seen with mtime 1629009987.319408
2021-09-10 12:41:35,752 File /usr/lib/python3.8/lib-dynload/_ssl.cpython-38-x86_64-linux-gnu.so first seen with mtime 1622630955.0
2021-09-10 12:41:35,752 File /var/www/html/passwordmanager/env/lib/python3.8/site-packages/django/utils/module_loading.py first seen with mtime 1629009988.4473891
2021-09-10 12:41:35,752 File /var/www/html/passwordmanager/env/lib/python3.8/site-packages/sqlparse/cli.py first seen with mtime 1629009987.319408
2021-09-10 12:41:35,752 File /var/www/html/passwordmanager/env/lib/python3.8/site-packages/django/contrib/sessions/middleware.py first seen with mtime 1629009988.3713903
2021-09-10 12:41:35,752 File /usr/lib/python3.8/lib-dynload/_decimal.cpython-38-x86_64-linux-gnu.so first seen with mtime 1622630955.0
2021-09-10 12:41:35,752 File /var/www/html/passwordmanager/env/lib/python3.8/site-packages/django/middleware/__init__.py first seen with mtime 1629009988.4393892
2021-09-10 12:41:35,753 File /var/www/html/passwordmanager/env/lib/python3.8/site-packages/sqlparse/filters/tokens.py first seen with mtime 1629009987.319408
2021-09-10 12:41:35,753 File /var/www/html/passwordmanager/env/lib/python3.8/site-packages/django/contrib/messages/constants.py first seen with mtime 1629009988.3353908
2021-09-10 12:41:35,753 File /var/www/html/passwordmanager/env/lib/python3.8/site-packages/django/db/models/fields/related_descriptors.py first seen with mtime 1629009988.4313893
2021-09-10 12:41:35,753 File /var/www/html/passwordmanager/env/lib/python3.8/site-packages/rest_framework/schemas/__init__.py first seen with mtime 1628431825.8348713
2021-09-10 12:41:35,753 File /usr/lib/python3.8/pathlib.py first seen with mtime 1622630955.0
2021-09-10 12:41:35,753 File /usr/lib/python3.8/contextvars.py first seen with mtime 1622630955.0
2021-09-10 12:41:35,753 File /var/www/html/passwordmanager/env/lib/python3.8/site-packages/django/db/migrations/operations/utils.py first seen with mtime 1629009988.4273894
2021-09-10 12:41:35,753 File /var/www/html/passwordmanager/env/lib/python3.8/site-packages/django/db/models/constraints.py first seen with mtime 1629009988.4273894
2021-09-10 12:41:35,753 File /var/www/html/passwordmanager/env/lib/python3.8/site-packages/django/views/i18n.py first seen with mtime 1629009988.4513888
2021-09-10 12:41:35,753 File /usr/lib/python3.8/concurrent/__init__.py first seen with mtime 1622630955.0
2021-09-10 12:41:35,753 File /var/www/html/passwordmanager/env/lib/python3.8/site-packages/django/template/defaulttags.py first seen with mtime 1629009988.4393892
2021-09-10 12:41:35,753 File /usr/lib/python3.8/concurrent/futures/thread.py first seen with mtime 1622630955.0
2021-09-10 12:41:35,753 File /var/www/html/passwordmanager/env/lib/python3.8/site-packages/django/utils/hashable.py first seen with mtime 1629009988.4473891
2021-09-10 12:41:35,753 File /var/www/html/passwordmanager/env/lib/python3.8/site-packages/django/template/smartif.py first seen with mtime 1629009988.4433892
2021-09-10 12:41:35,754 File /var/www/html/passwordmanager/env/lib/python3.8/site-packages/django/db/backends/base/introspection.py first seen with mtime 1629009988.4193895
2021-09-10 12:41:35,754 File /usr/lib/python3.8/dis.py first seen with mtime 1622630955.0
2021-09-10 12:41:35,754 File /var/www/html/passwordmanager/env/lib/python3.8/site-packages/django/contrib/messages/api.py first seen with mtime 1629009988.3353908
2021-09-10 12:41:35,754 File /usr/lib/python3.8/http/server.py first seen with mtime 1622630955.0
2021-09-10 12:41:35,754 File /var/www/html/passwordmanager/env/lib/python3.8/site-packages/django/contrib/admin/helpers.py first seen with mtime 1629009988.1073947
2021-09-10 12:41:35,754 File /var/www/html/passwordmanager/env/lib/python3.8/site-packages/django/utils/html.py first seen with mtime 1629009988.4473891
2021-09-10 12:41:35,754 File /usr/lib/python3.8/http/__init__.py first seen with mtime 1622630955.0
2021-09-10 12:41:35,754 File /usr/lib/python3.8/wsgiref/headers.py first seen with mtime 1622630955.0
2021-09-10 12:41:35,755 File /var/www/html/passwordmanager/env/lib/python3.8/site-packages/django/templatetags/cache.py first seen with mtime 1629009988.4433892
2021-09-10 12:41:35,755 File /usr/lib/python3.8/queue.py first seen with mtime 1622630955.0
2021-09-10 12:41:35,755 File /usr/lib/python3.8/bz2.py first seen with mtime 1622630955.0
2021-09-10 12:41:35,755 File /var/www/html/passwordmanager/env/lib/python3.8/site-packages/django/urls/base.py first seen with mtime 1629009988.4433892
2021-09-10 12:41:35,755 File /var/www/html/passwordmanager/env/lib/python3.8/site-packages/django/db/models/constants.py first seen with mtime 1629009988.4273894
2021-09-10 12:41:35,755 File /usr/lib/python3.8/struct.py first seen with mtime 1622630955.0
2021-09-10 12:41:35,755 File /usr/lib/python3.8/getpass.py first seen with mtime 1622630955.0
2021-09-10 12:41:35,755 File /usr/lib/python3.8/sqlite3/dbapi2.py first seen with mtime 1622630955.0
2021-09-10 12:41:35,755 File /var/www/html/passwordmanager/env/lib/python3.8/site-packages/django/core/management/base.py first seen with mtime 1629009988.4153895
2021-09-10 12:41:35,755 File /usr/lib/python3.8/email/_encoded_words.py first seen with mtime 1622630955.0
2021-09-10 12:41:35,755 File /var/www/html/passwordmanager/env/lib/python3.8/site-packages/asgiref/local.py first seen with mtime 1629009987.2914083
2021-09-10 12:41:35,756 File /usr/lib/python3.8/unittest/signals.py first seen with mtime 1622630955.0
2021-09-10 12:41:35,756 File /usr/lib/python3.8/statistics.py first seen with mtime 1622630955.0
2021-09-10 12:41:35,756 File /usr/lib/python3.8/warnings.py first seen with mtime 1622630955.0
2021-09-10 12:41:35,756 File /usr/lib/python3.8/asyncio/streams.py first seen with mtime 1622630955.0
2021-09-10 12:41:35,756 File /var/www/html/passwordmanager/env/lib/python3.8/site-packages/django/contrib/auth/apps.py first seen with mtime 1629009988.203393
2021-09-10 12:41:35,756 File /var/www/html/passwordmanager/env/lib/python3.8/site-packages/django/db/backends/base/operations.py first seen with mtime 1629009988.4193895
2021-09-10 12:41:35,756 File /var/www/html/passwordmanager/env/lib/python3.8/site-packages/django/http/cookie.py first seen with mtime 1629009988.4393892
2021-09-10 12:41:35,756 File /var/www/html/passwordmanager/env/lib/python3.8/site-packages/django/core/handlers/asgi.py first seen with mtime 1629009988.4113896
2021-09-10 12:41:35,756 File /var/www/html/passwordmanager/env/lib/python3.8/site-packages/django/contrib/__init__.py first seen with mtime 1629009988.1033947
2021-09-10 12:41:35,756 File /usr/lib/python3.8/asyncio/tasks.py first seen with mtime 1622630955.0
2021-09-10 12:41:35,756 File /var/www/html/passwordmanager/env/lib/python3.8/site-packages/django/contrib/staticfiles/apps.py first seen with mtime 1629009988.4073896
2021-09-10 12:41:35,757 File /var/www/html/passwordmanager/env/lib/python3.8/site-packages/django/contrib/admin/views/decorators.py first seen with mtime 1629009988.1793935
2021-09-10 12:41:35,757 File /var/www/html/passwordmanager/env/lib/python3.8/site-packages/django/template/utils.py first seen with mtime 1629009988.4433892
2021-09-10 12:41:35,757 File /usr/lib/python3.8/cgi.py first seen with mtime 1622630955.0
2021-09-10 12:41:35,757 File /var/www/html/passwordmanager/env/lib/python3.8/site-packages/django/apps/registry.py first seen with mtime 1629009988.0433958
2021-09-10 12:41:35,757 File /usr/lib/python3.8/fnmatch.py first seen with mtime 1622630955.0
2021-09-10 12:41:35,757 File /var/www/html/passwordmanager/env/lib/python3.8/site-packages/django/views/generic/dates.py first seen with mtime 1629009988.4513888
2021-09-10 12:41:35,757 File /var/www/html/passwordmanager/env/lib/python3.8/site-packages/django/contrib/staticfiles/management/commands/__init__.py first seen with mtime 1629009988.4073896
2021-09-10 12:41:35,757 File /usr/lib/python3.8/wsgiref/util.py first seen with mtime 1622630955.0
2021-09-10 12:41:35,757 File /var/www/html/passwordmanager/env/lib/python3.8/site-packages/django/template/engine.py first seen with mtime 1629009988.4393892
2021-09-10 12:41:35,757 File /var/www/html/passwordmanager/env/lib/python3.8/site-packages/django/utils/version.py first seen with mtime 1629009988.4513888
2021-09-10 12:41:35,758 File /var/www/html/passwordmanager/env/lib/python3.8/site-packages/cryptography/hazmat/primitives/ciphers/modes.py first seen with mtime 1628946887.6998196
2021-09-10 12:41:35,758 File /var/www/html/passwordmanager/env/lib/python3.8/site-packages/django/contrib/admin/views/autocomplete.py first seen with mtime 1629009988.1793935
2021-09-10 12:41:35,758 File /var/www/html/passwordmanager/env/lib/python3.8/site-packages/django/core/checks/model_checks.py first seen with mtime 1629009988.4113896
2021-09-10 12:41:35,758 File /var/www/html/passwordmanager/env/lib/python3.8/site-packages/sqlparse/engine/statement_splitter.py first seen with mtime 1629009987.319408
2021-09-10 12:41:35,758 File /var/www/html/passwordmanager/env/lib/python3.8/site-packages/django/template/library.py first seen with mtime 1629009988.4393892
2021-09-10 12:41:35,758 File /usr/lib/python3.8/email/errors.py first seen with mtime 1622630955.0
2021-09-10 12:41:35,758 File /var/www/html/passwordmanager/env/lib/python3.8/site-packages/django/template/backends/__init__.py first seen with mtime 1629009988.4433892
2021-09-10 12:41:35,758 File /usr/lib/python3.8/concurrent/futures/__init__.py first seen with mtime 1622630955.0
2021-09-10 12:41:35,758 File /var/www/html/passwordmanager/env/lib/python3.8/site-packages/django/core/files/base.py first seen with mtime 1629009988.4113896
2021-09-10 12:41:35,758 File /var/www/html/passwordmanager/env/lib/python3.8/site-packages/django/db/migrations/exceptions.py first seen with mtime 1629009988.4233894
2021-09-10 12:41:35,758 File /var/www/html/passwordmanager/env/lib/python3.8/site-packages/django/utils/termcolors.py first seen with mtime 1629009988.4473891
2021-09-10 12:41:35,759 File /usr/lib/python3.8/tempfile.py first seen with mtime 1622630955.0
2021-09-10 12:41:35,759 File /usr/lib/python3.8/asyncio/unix_events.py first seen with mtime 1622630955.0
2021-09-10 12:41:35,759 File /var/www/html/passwordmanager/env/lib/python3.8/site-packages/django/contrib/staticfiles/management/__init__.py first seen with mtime 1629009988.4073896
2021-09-10 12:41:35,759 File /var/www/html/passwordmanager/env/lib/python3.8/site-packages/rest_framework/checks.py first seen with mtime 1628431825.8148694
2021-09-10 12:41:35,759 File /usr/lib/python3.8/asyncio/events.py first seen with mtime 1622630955.0
2021-09-10 12:41:35,759 File /var/www/html/passwordmanager/env/lib/python3.8/site-packages/django/db/backends/sqlite3/features.py first seen with mtime 1629009988.4233894
2021-09-10 12:41:35,759 File /var/www/html/passwordmanager/env/lib/python3.8/site-packages/django/contrib/admin/sites.py first seen with mtime 1629009988.1073947
2021-09-10 12:41:35,759 File /var/www/html/passwordmanager/env/lib/python3.8/site-packages/django/contrib/auth/backends.py first seen with mtime 1629009988.203393
2021-09-10 12:41:35,759 File /var/www/html/passwordmanager/env/lib/python3.8/site-packages/django/core/files/locks.py first seen with mtime 1629009988.4113896
2021-09-10 12:41:35,759 File /var/www/html/passwordmanager/env/lib/python3.8/site-packages/django/db/backends/base/__init__.py first seen with mtime 1629009988.4193895
2021-09-10 12:41:35,759 File /var/www/html/passwordmanager/env/lib/python3.8/site-packages/django/core/checks/async_checks.py first seen with mtime 1629009988.4113896
2021-09-10 12:41:35,759 File /var/www/html/passwordmanager/env/lib/python3.8/site-packages/django/db/models/manager.py first seen with mtime 1629009988.4273894
2021-09-10 12:41:35,760 File /var/www/html/passwordmanager/env/lib/python3.8/site-packages/sqlparse/filters/others.py first seen with mtime 1629009987.319408
2021-09-10 12:41:35,760 File /var/www/html/passwordmanager/env/lib/python3.8/site-packages/django/middleware/cache.py first seen with mtime 1629009988.4393892
2021-09-10 12:41:35,760 File /var/www/html/passwordmanager/env/lib/python3.8/site-packages/django/contrib/auth/decorators.py first seen with mtime 1629009988.203393
2021-09-10 12:41:35,760 File /var/www/html/passwordmanager/env/lib/python3.8/site-packages/rest_framework/validators.py first seen with mtime 1628431825.8188696
2021-09-10 12:41:35,760 File /var/www/html/passwordmanager/env/lib/python3.8/site-packages/django/contrib/admin/templatetags/__init__.py first seen with mtime 1629009988.1793935
2021-09-10 12:41:35,760 File /var/www/html/passwordmanager/env/passwordmanagerapi/core/views.py first seen with mtime 1631277695.2042823
2021-09-10 12:41:35,760 File /var/www/html/passwordmanager/env/lib/python3.8/site-packages/django/contrib/admin/utils.py first seen with mtime 1629009988.1073947
2021-09-10 12:41:35,760 File /usr/lib/python3.8/decimal.py first seen with mtime 1622630955.0
2021-09-10 12:41:35,760 File /usr/lib/python3.8/calendar.py first seen with mtime 1622630955.0
2021-09-10 12:41:35,760 File /var/www/html/passwordmanager/env/lib/python3.8/site-packages/django/db/backends/sqlite3/base.py first seen with mtime 1629009988.4233894
2021-09-10 12:41:35,760 File /usr/lib/python3.8/wsgiref/__init__.py first seen with mtime 1622630955.0
2021-09-10 12:41:35,761 File /var/www/html/passwordmanager/env/lib/python3.8/site-packages/django/views/generic/base.py first seen with mtime 1629009988.4513888
2021-09-10 12:41:35,761 File /var/www/html/passwordmanager/env/lib/python3.8/site-packages/django/core/checks/__init__.py first seen with mtime 1629009988.4113896
2021-09-10 12:41:35,761 File /var/www/html/passwordmanager/env/lib/python3.8/site-packages/django/contrib/sessions/backends/__init__.py first seen with mtime 1629009988.3713903
2021-09-10 12:41:35,761 File /var/www/html/passwordmanager/env/lib/python3.8/site-packages/django/core/checks/urls.py first seen with mtime 1629009988.4113896
2021-09-10 12:41:35,761 File /usr/lib/python3.8/html/entities.py first seen with mtime 1622630955.0
2021-09-10 12:41:35,761 File /var/www/html/passwordmanager/env/lib/python3.8/site-packages/django/contrib/admin/templatetags/admin_urls.py first seen with mtime 1629009988.1793935
2021-09-10 12:41:35,761 File /var/www/html/passwordmanager/env/lib/python3.8/site-packages/django/db/models/functions/math.py first seen with mtime 1629009988.4313893
2021-09-10 12:41:35,761 File /var/www/html/passwordmanager/env/lib/python3.8/site-packages/django/forms/__init__.py first seen with mtime 1629009988.4313893
2021-09-10 12:41:35,761 File /usr/lib/python3.8/base64.py first seen with mtime 1622630955.0
2021-09-10 12:41:35,761 File /var/www/html/passwordmanager/env/lib/python3.8/site-packages/django/db/models/expressions.py first seen with mtime 1629009988.4273894
2021-09-10 12:41:35,761 File /usr/lib/python3.8/mimetypes.py first seen with mtime 1622630955.0
2021-09-10 12:41:35,762 File /var/www/html/passwordmanager/env/lib/python3.8/site-packages/cryptography/hazmat/primitives/_cipheralgorithm.py first seen with mtime 1628946887.6958194
2021-09-10 12:41:35,762 File /usr/lib/python3.8/linecache.py first seen with mtime 1622630955.0
2021-09-10 12:41:35,762 File /var/www/html/passwordmanager/env/lib/python3.8/site-packages/rest_framework/utils/html.py first seen with mtime 1628431825.8548732
2021-09-10 12:41:35,762 File /var/www/html/passwordmanager/env/lib/python3.8/site-packages/django/forms/forms.py first seen with mtime 1629009988.4353893
2021-09-10 12:41:35,762 File /var/www/html/passwordmanager/env/lib/python3.8/site-packages/django/contrib/admin/templatetags/admin_modify.py first seen with mtime 1629009988.1793935
2021-09-10 12:41:35,762 File /usr/lib/python3.8/asyncio/runners.py first seen with mtime 1622630955.0
2021-09-10 12:41:35,762 File /var/www/html/passwordmanager/env/lib/python3.8/site-packages/django/core/checks/templates.py first seen with mtime 1629009988.4113896
2021-09-10 12:41:35,762 File /usr/lib/python3.8/_compression.py first seen with mtime 1622630955.0
2021-09-10 12:41:35,762 File /usr/lib/python3.8/email/charset.py first seen with mtime 1622630955.0
2021-09-10 12:41:35,762 File /var/www/html/passwordmanager/env/lib/python3.8/site-packages/rest_framework/schemas/coreapi.py first seen with mtime 1628431825.8348713
2021-09-10 12:41:35,762 File /usr/lib/python3.8/contextlib.py first seen with mtime 1622630955.0
2021-09-10 12:41:35,762 File /var/www/html/passwordmanager/env/lib/python3.8/site-packages/django/db/models/query.py first seen with mtime 1629009988.4273894
2021-09-10 12:41:35,763 File /usr/lib/python3.8/unittest/suite.py first seen with mtime 1622630955.0
2021-09-10 12:41:35,763 File /var/www/html/passwordmanager/env/lib/python3.8/site-packages/django/core/serializers/base.py first seen with mtime 1629009988.4193895
2021-09-10 12:41:35,763 File /var/www/html/passwordmanager/env/lib/python3.8/site-packages/sqlparse/engine/filter_stack.py first seen with mtime 1629009987.319408
2021-09-10 12:41:35,763 File /usr/lib/python3.8/secrets.py first seen with mtime 1622630955.0
2021-09-10 12:41:35,763 File /usr/lib/python3.8/sre_parse.py first seen with mtime 1622630955.0
2021-09-10 12:41:35,763 File /var/www/html/passwordmanager/env/lib/python3.8/site-packages/django/utils/timezone.py first seen with mtime 1629009988.4513888
2021-09-10 12:41:35,763 File /usr/lib/python3.8/html/parser.py first seen with mtime 1622630955.0
2021-09-10 12:41:35,763 File /var/www/html/passwordmanager/env/lib/python3.8/site-packages/django/utils/dates.py first seen with mtime 1629009988.4473891
2021-09-10 12:41:35,763 File /var/www/html/passwordmanager/env/lib/python3.8/site-packages/django/contrib/sessions/apps.py first seen with mtime 1629009988.3713903
2021-09-10 12:41:35,764 File /var/www/html/passwordmanager/env/lib/python3.8/site-packages/django/template/loaders/__init__.py first seen with mtime 1629009988.4433892
2021-09-10 12:41:35,764 File /var/www/html/passwordmanager/env/lib/python3.8/site-packages/django/contrib/contenttypes/checks.py first seen with mtime 1629009988.2313926
2021-09-10 12:41:35,764 File /usr/lib/python3.8/lzma.py first seen with mtime 1622630955.0
2021-09-10 12:41:35,764 File /var/www/html/passwordmanager/env/lib/python3.8/site-packages/django/contrib/admin/actions.py first seen with mtime 1629009988.1033947
2021-09-10 12:41:35,764 File /usr/lib/python3.8/hashlib.py first seen with mtime 1622630955.0
2021-09-10 12:41:35,764 File /var/www/html/passwordmanager/env/lib/python3.8/site-packages/django/core/files/utils.py first seen with mtime 1629009988.4113896
2021-09-10 12:41:35,764 File /usr/lib/python3.8/copyreg.py first seen with mtime 1622630955.0
2021-09-10 12:41:35,764 File /usr/lib/python3.8/pkgutil.py first seen with mtime 1622630955.0
2021-09-10 12:41:35,764 File /var/www/html/passwordmanager/env/lib/python3.8/site-packages/django/core/paginator.py first seen with mtime 1629009988.4113896
2021-09-10 12:41:35,764 File /var/www/html/passwordmanager/env/lib/python3.8/site-packages/django/db/models/aggregates.py first seen with mtime 1629009988.4273894
2021-09-10 12:41:35,765 File /var/www/html/passwordmanager/env/lib/python3.8/site-packages/django/db/models/deletion.py first seen with mtime 1629009988.4273894
2021-09-10 12:41:35,765 File /var/www/html/passwordmanager/env/lib/python3.8/site-packages/django/contrib/contenttypes/models.py first seen with mtime 1629009988.2313926
2021-09-10 12:41:35,765 File /var/www/html/passwordmanager/env/lib/python3.8/site-packages/django/http/multipartparser.py first seen with mtime 1629009988.4393892
2021-09-10 12:41:35,765 File /var/www/html/passwordmanager/env/lib/python3.8/site-packages/django/db/models/__init__.py first seen with mtime 1629009988.4273894
2021-09-10 12:41:35,765 File /usr/lib/python3.8/urllib/request.py first seen with mtime 1622630955.0
2021-09-10 12:41:35,765 File /var/www/html/passwordmanager/env/lib/python3.8/site-packages/django/db/models/sql/where.py first seen with mtime 1629009988.4313893
2021-09-10 12:41:35,765 File /var/www/html/passwordmanager/env/lib/python3.8/site-packages/django/core/serializers/python.py first seen with mtime 1629009988.4193895
2021-09-10 12:41:35,765 File /var/www/html/passwordmanager/env/lib/python3.8/site-packages/cryptography/exceptions.py first seen with mtime 1628946887.6958194
2021-09-10 12:41:35,765 File /var/www/html/passwordmanager/env/lib/python3.8/site-packages/django/template/response.py first seen with mtime 1629009988.4433892
2021-09-10 12:41:35,765 File /var/www/html/passwordmanager/env/lib/python3.8/site-packages/rest_framework/utils/formatting.py first seen with mtime 1628431825.8548732
2021-09-10 12:41:35,766 File /var/www/html/passwordmanager/env/lib/python3.8/site-packages/django/db/backends/ddl_references.py first seen with mtime 1629009988.4193895
2021-09-10 12:41:35,766 File /var/www/html/passwordmanager/env/lib/python3.8/site-packages/django/test/html.py first seen with mtime 1629009988.4433892
2021-09-10 12:41:35,766 File /var/www/html/passwordmanager/env/lib/python3.8/site-packages/django/template/loader_tags.py first seen with mtime 1629009988.4433892
2021-09-10 12:41:35,766 File /var/www/html/passwordmanager/env/lib/python3.8/site-packages/django/contrib/sites/shortcuts.py first seen with mtime 1629009988.3913898
2021-09-10 12:41:35,766 File /var/www/html/passwordmanager/env/lib/python3.8/site-packages/django/db/models/sql/__init__.py first seen with mtime 1629009988.4313893
2021-09-10 12:41:35,766 File /var/www/html/passwordmanager/env/lib/python3.8/site-packages/django/views/debug.py first seen with mtime 1629009988.4513888
2021-09-10 12:41:35,766 File /var/www/html/passwordmanager/env/lib/python3.8/site-packages/django/templatetags/__init__.py first seen with mtime 1629009988.4433892
2021-09-10 12:41:35,766 File /var/www/html/passwordmanager/env/lib/python3.8/site-packages/django/test/signals.py first seen with mtime 1629009988.4433892
2021-09-10 12:41:35,766 File /var/www/html/passwordmanager/env/lib/python3.8/site-packages/django/utils/safestring.py first seen with mtime 1629009988.4473891
2021-09-10 12:41:35,767 File /var/www/html/passwordmanager/env/lib/python3.8/site-packages/django/utils/connection.py first seen with mtime 1629009988.4473891
2021-09-10 12:41:35,767 File /usr/lib/python3.8/asyncio/staggered.py first seen with mtime 1622630955.0
2021-09-10 12:41:35,767 File /var/www/html/passwordmanager/env/lib/python3.8/site-packages/django/db/models/functions/__init__.py first seen with mtime 1629009988.4313893
2021-09-10 12:41:35,767 File /var/www/html/passwordmanager/env/lib/python3.8/site-packages/django/views/decorators/cache.py first seen with mtime 1629009988.4513888
2021-09-10 12:41:35,767 File /usr/lib/python3.8/encodings/utf_8.py first seen with mtime 1622630955.0
2021-09-10 12:41:35,767 File /var/www/html/passwordmanager/env/lib/python3.8/site-packages/django/utils/timesince.py first seen with mtime 1629009988.4513888
2021-09-10 12:41:35,767 File /usr/lib/python3.8/asyncio/queues.py first seen with mtime 1622630955.0
2021-09-10 12:41:35,767 File /var/www/html/passwordmanager/env/lib/python3.8/site-packages/django/utils/duration.py first seen with mtime 1629009988.4473891
2021-09-10 12:41:35,767 File /var/www/html/passwordmanager/env/lib/python3.8/site-packages/sqlparse/tokens.py first seen with mtime 1629009987.319408
2021-09-10 12:41:35,767 File /usr/lib/python3.8/distutils/__init__.py first seen with mtime 1622630955.0
2021-09-10 12:41:35,767 File /var/www/html/passwordmanager/env/lib/python3.8/site-packages/django/contrib/admin/views/main.py first seen with mtime 1629009988.1793935
2021-09-10 12:41:35,768 File /usr/lib/python3.8/xml/__init__.py first seen with mtime 1622630955.0
2021-09-10 12:41:35,768 File /var/www/html/passwordmanager/env/lib/python3.8/site-packages/django/contrib/admin/widgets.py first seen with mtime 1629009988.1073947
2021-09-10 12:41:35,768 File /usr/lib/python3.8/numbers.py first seen with mtime 1622630955.0
2021-09-10 12:41:35,768 File /var/www/html/passwordmanager/env/lib/python3.8/site-packages/django/contrib/admin/views/__init__.py first seen with mtime 1629009988.1793935
2021-09-10 12:41:35,768 File /var/www/html/passwordmanager/env/lib/python3.8/site-packages/django/db/backends/sqlite3/creation.py first seen with mtime 1629009988.4233894
2021-09-10 12:41:35,768 File /var/www/html/passwordmanager/env/lib/python3.8/site-packages/django/contrib/messages/apps.py first seen with mtime 1629009988.3353908
2021-09-10 12:41:35,768 File /usr/lib/python3.8/xml/dom/xmlbuilder.py first seen with mtime 1622630955.0
2021-09-10 12:41:35,768 File /var/www/html/passwordmanager/env/lib/python3.8/site-packages/django/contrib/staticfiles/handlers.py first seen with mtime 1629009988.4073896
2021-09-10 12:41:35,768 File /var/www/html/passwordmanager/env/lib/python3.8/site-packages/rest_framework/schemas/inspectors.py first seen with mtime 1628431825.8348713
2021-09-10 12:41:35,769 File /var/www/html/passwordmanager/env/lib/python3.8/site-packages/rest_framework/status.py first seen with mtime 1628431825.8188696
2021-09-10 12:41:35,769 File /var/www/html/passwordmanager/env/lib/python3.8/site-packages/cryptography/fernet.py first seen with mtime 1628946887.6958194
2021-09-10 12:41:35,769 File /var/www/html/passwordmanager/env/lib/python3.8/site-packages/django/views/static.py first seen with mtime 1629009988.4513888
2021-09-10 12:41:35,769 File /var/www/html/passwordmanager/env/lib/python3.8/site-packages/django/db/backends/sqlite3/schema.py first seen with mtime 1629009988.4233894
2021-09-10 12:41:35,769 File /var/www/html/passwordmanager/env/lib/python3.8/site-packages/django/core/servers/__init__.py first seen with mtime 1629009988.4193895
2021-09-10 12:41:35,769 File /var/www/html/passwordmanager/env/lib/python3.8/site-packages/django/test/testcases.py first seen with mtime 1629009988.4433892
2021-09-10 12:41:35,769 File /var/www/html/passwordmanager/env/lib/python3.8/site-packages/cryptography/hazmat/primitives/__init__.py first seen with mtime 1628946887.6958194
2021-09-10 12:41:35,769 File /var/www/html/passwordmanager/env/lib/python3.8/site-packages/django/contrib/admin/apps.py first seen with mtime 1629009988.1033947
2021-09-10 12:41:35,770 File /usr/lib/python3.8/pickle.py first seen with mtime 1622630955.0
2021-09-10 12:41:35,770 File /usr/lib/python3.8/lib-dynload/_json.cpython-38-x86_64-linux-gnu.so first seen with mtime 1622630955.0
2021-09-10 12:41:35,770 File /var/www/html/passwordmanager/env/lib/python3.8/site-packages/django/db/backends/utils.py first seen with mtime 1629009988.4193895
2021-09-10 12:41:35,770 File /usr/lib/python3.8/heapq.py first seen with mtime 1622630955.0
2021-09-10 12:41:35,770 File /var/www/html/passwordmanager/env/lib/python3.8/site-packages/cryptography/hazmat/primitives/ciphers/__init__.py first seen with mtime 1628946887.6998196
2021-09-10 12:41:35,770 File /var/www/html/passwordmanager/env/lib/python3.8/site-packages/rest_framework/templatetags/rest_framework.py first seen with mtime 1628431825.8548732
2021-09-10 12:41:35,770 File /var/www/html/passwordmanager/env/lib/python3.8/site-packages/django/utils/datetime_safe.py first seen with mtime 1629009988.4473891
2021-09-10 12:41:35,770 File /var/www/html/passwordmanager/env/lib/python3.8/site-packages/pytz/tzfile.py first seen with mtime 1629009987.1554105
2021-09-10 12:41:35,770 File /usr/lib/python3.8/email/mime/base.py first seen with mtime 1622630955.0
2021-09-10 12:41:35,771 File /usr/lib/python3.8/asyncio/exceptions.py first seen with mtime 1622630955.0
2021-09-10 12:41:35,771 File /usr/lib/python3.8/_collections_abc.py first seen with mtime 1622630955.0
2021-09-10 12:41:35,771 File /usr/lib/python3.8/asyncio/coroutines.py first seen with mtime 1622630955.0
2021-09-10 12:41:35,771 File /var/www/html/passwordmanager/env/lib/python3.8/site-packages/django/db/models/functions/mixins.py first seen with mtime 1629009988.4313893
2021-09-10 12:41:35,771 File /var/www/html/passwordmanager/env/lib/python3.8/site-packages/rest_framework/utils/model_meta.py first seen with mtime 1628431825.8548732
2021-09-10 12:41:35,771 File /var/www/html/passwordmanager/env/lib/python3.8/site-packages/django/contrib/auth/hashers.py first seen with mtime 1629009988.203393
2021-09-10 12:41:35,771 File /var/www/html/passwordmanager/env/lib/python3.8/site-packages/django/db/migrations/migration.py first seen with mtime 1629009988.4233894
2021-09-10 12:41:35,771 File /var/www/html/passwordmanager/env/lib/python3.8/site-packages/django/db/models/fields/related_lookups.py first seen with mtime 1629009988.4313893
2021-09-10 12:41:35,771 File /var/www/html/passwordmanager/env/lib/python3.8/site-packages/django/core/__init__.py first seen with mtime 1629009988.4113896
2021-09-10 12:41:35,772 File /var/www/html/passwordmanager/env/lib/python3.8/site-packages/rest_framework/utils/breadcrumbs.py first seen with mtime 1628431825.8548732
2021-09-10 12:41:35,772 File /var/www/html/passwordmanager/env/lib/python3.8/site-packages/django/views/decorators/debug.py first seen with mtime 1629009988.4513888
2021-09-10 12:41:35,772 File /usr/lib/python3.8/difflib.py first seen with mtime 1622630955.0
2021-09-10 12:41:35,772 File /var/www/html/passwordmanager/env/lib/python3.8/site-packages/django/contrib/staticfiles/__init__.py first seen with mtime 1629009988.4073896
2021-09-10 12:41:35,772 File /var/www/html/passwordmanager/env/lib/python3.8/site-packages/django/db/migrations/operations/special.py first seen with mtime 1629009988.4273894
2021-09-10 12:41:35,772 File /usr/lib/python3.8/random.py first seen with mtime 1622630955.0
2021-09-10 12:41:35,772 File /var/www/html/passwordmanager/env/lib/python3.8/site-packages/django/contrib/auth/forms.py first seen with mtime 1629009988.203393
2021-09-10 12:41:35,772 File /var/www/html/passwordmanager/env/lib/python3.8/site-packages/django/contrib/contenttypes/admin.py first seen with mtime 1629009988.2313926
2021-09-10 12:41:35,772 File /usr/lib/python3.8/asyncio/transports.py first seen with mtime 1622630955.0
2021-09-10 12:41:35,772 File /usr/lib/python3.8/asyncio/subprocess.py first seen with mtime 1622630955.0
2021-09-10 12:41:35,772 File /usr/lib/python3.8/shutil.py first seen with mtime 1622630955.0
2021-09-10 12:41:35,772 File /usr/lib/python3.8/lib-dynload/_lzma.cpython-38-x86_64-linux-gnu.so first seen with mtime 1622630955.0
2021-09-10 12:41:35,773 File /var/www/html/passwordmanager/env/lib/python3.8/site-packages/corsheaders/defaults.py first seen with mtime 1628431832.4514637
2021-09-10 12:41:35,773 File /var/www/html/passwordmanager/env/lib/python3.8/site-packages/django/utils/numberformat.py first seen with mtime 1629009988.4473891
2021-09-10 12:41:35,773 File /var/www/html/passwordmanager/env/lib/python3.8/site-packages/django/core/checks/security/__init__.py first seen with mtime 1629009988.4113896
2021-09-10 12:41:35,773 File /var/www/html/passwordmanager/env/lib/python3.8/site-packages/django/core/checks/messages.py first seen with mtime 1629009988.4113896
2021-09-10 12:41:35,773 File /var/www/html/passwordmanager/env/lib/python3.8/site-packages/django/core/mail/utils.py first seen with mtime 1629009988.4153895
2021-09-10 12:41:35,773 File /var/www/html/passwordmanager/env/lib/python3.8/site-packages/django/utils/encoding.py first seen with mtime 1629009988.4473891
2021-09-10 12:41:35,773 File /var/www/html/passwordmanager/env/lib/python3.8/site-packages/sqlparse/filters/right_margin.py first seen with mtime 1629009987.319408
2021-09-10 12:41:35,773 File /var/www/html/passwordmanager/env/lib/python3.8/site-packages/django/contrib/admin/decorators.py first seen with mtime 1629009988.1073947
2021-09-10 12:41:35,773 File /var/www/html/passwordmanager/env/lib/python3.8/site-packages/django/db/models/fields/reverse_related.py first seen with mtime 1629009988.4313893
2021-09-10 12:41:35,774 File /usr/lib/python3.8/locale.py first seen with mtime 1622630955.0
2021-09-10 12:41:35,774 File /usr/lib/python3.8/fractions.py first seen with mtime 1622630955.0
2021-09-10 12:41:35,774 File /usr/lib/python3.8/ntpath.py first seen with mtime 1622630955.0
2021-09-10 12:41:35,774 File /usr/lib/python3.8/gzip.py first seen with mtime 1622630955.0
2021-09-10 12:41:35,774 File /var/www/html/passwordmanager/env/lib/python3.8/site-packages/django/db/migrations/utils.py first seen with mtime 1629009988.4273894
2021-09-10 12:41:35,774 File /usr/lib/python3.8/asyncio/log.py first seen with mtime 1622630955.0
2021-09-10 12:41:35,774 File /var/www/html/passwordmanager/env/lib/python3.8/site-packages/django/db/models/fields/json.py first seen with mtime 1629009988.4313893
2021-09-10 12:41:35,774 File /var/www/html/passwordmanager/env/lib/python3.8/site-packages/django/db/models/enums.py first seen with mtime 1629009988.4273894
2021-09-10 12:41:35,774 File /var/www/html/passwordmanager/env/lib/python3.8/site-packages/django/core/files/uploadedfile.py first seen with mtime 1629009988.4113896
2021-09-10 12:41:35,774 File /usr/lib/python3.8/lib-dynload/_bz2.cpython-38-x86_64-linux-gnu.so first seen with mtime 1622630955.0
2021-09-10 12:41:35,774 File /usr/lib/python3.8/asyncio/protocols.py first seen with mtime 1622630955.0
2021-09-10 12:41:35,775 File /usr/lib/python3.8/_weakrefset.py first seen with mtime 1622630955.0
2021-09-10 12:41:35,775 File /var/www/html/passwordmanager/env/lib/python3.8/site-packages/django/core/checks/caches.py first seen with mtime 1629009988.4113896
2021-09-10 12:41:35,775 File /var/www/html/passwordmanager/env/lib/python3.8/site-packages/django/views/__init__.py first seen with mtime 1629009988.4513888
2021-09-10 12:41:35,775 File /var/www/html/passwordmanager/env/lib/python3.8/site-packages/django/utils/text.py first seen with mtime 1629009988.4513888
2021-09-10 12:41:35,775 File /var/www/html/passwordmanager/env/lib/python3.8/site-packages/rest_framework/schemas/openapi.py first seen with mtime 1628431825.8348713
2021-09-10 12:41:35,775 File /usr/lib/python3.8/opcode.py first seen with mtime 1622630955.0
2021-09-10 12:41:35,775 File /var/www/html/passwordmanager/env/lib/python3.8/site-packages/django/template/loaders/base.py first seen with mtime 1629009988.4433892
2021-09-10 12:41:35,775 File /var/www/html/passwordmanager/env/lib/python3.8/site-packages/django/core/cache/__init__.py first seen with mtime 1629009988.4113896
2021-09-10 12:41:35,775 File /var/www/html/passwordmanager/env/lib/python3.8/site-packages/rest_framework/reverse.py first seen with mtime 1628431825.8188696
2021-09-10 12:41:35,775 File /usr/lib/python3.8/collections/abc.py first seen with mtime 1622630955.0
2021-09-10 12:41:35,776 File /var/www/html/passwordmanager/env/lib/python3.8/site-packages/django/contrib/admin/filters.py first seen with mtime 1629009988.1073947
2021-09-10 12:41:35,776 File /var/www/html/passwordmanager/env/lib/python3.8/site-packages/django/db/models/functions/datetime.py first seen with mtime 1629009988.4313893
2021-09-10 12:41:35,776 File /usr/lib/python3.8/site.py first seen with mtime 1622630955.0
2021-09-10 12:41:35,776 File /var/www/html/passwordmanager/env/lib/python3.8/site-packages/sqlparse/__init__.py first seen with mtime 1629009987.319408
2021-09-10 12:41:35,776 File /var/www/html/passwordmanager/env/lib/python3.8/site-packages/django/__init__.py first seen with mtime 1629009988.0433958
2021-09-10 12:41:35,776 File /var/www/html/passwordmanager/env/lib/python3.8/site-packages/django/core/handlers/base.py first seen with mtime 1629009988.4113896
2021-09-10 12:41:35,776 File /var/www/html/passwordmanager/env/lib/python3.8/site-packages/django/forms/fields.py first seen with mtime 1629009988.4353893
2021-09-10 12:41:35,776 File /usr/lib/python3.8/email/mime/text.py first seen with mtime 1622630955.0
2021-09-10 12:41:35,776 File /var/www/html/passwordmanager/env/lib/python3.8/site-packages/django/views/decorators/common.py first seen with mtime 1629009988.4513888
2021-09-10 12:41:35,776 File /var/www/html/passwordmanager/env/lib/python3.8/site-packages/cryptography/hazmat/primitives/kdf/__init__.py first seen with mtime 1628946887.6998196
2021-09-10 12:41:35,776 File /var/www/html/passwordmanager/env/lib/python3.8/site-packages/django/templatetags/l10n.py first seen with mtime 1629009988.4433892
2021-09-10 12:41:35,776 File /var/www/html/passwordmanager/env/lib/python3.8/site-packages/django/contrib/admindocs/utils.py first seen with mtime 1629009988.1793935
2021-09-10 12:41:35,776 File /usr/lib/python3.8/xml/dom/NodeFilter.py first seen with mtime 1622630955.0
2021-09-10 12:41:35,777 File /var/www/html/passwordmanager/env/lib/python3.8/site-packages/django/utils/crypto.py first seen with mtime 1629009988.4473891
2021-09-10 12:41:35,777 File /usr/lib/python3.8/collections/__init__.py first seen with mtime 1622630955.0
2021-09-10 12:41:35,777 File /usr/lib/python3.8/email/contentmanager.py first seen with mtime 1622630955.0
2021-09-10 12:41:35,777 File /var/www/html/passwordmanager/env/lib/python3.8/site-packages/django/db/migrations/operations/__init__.py first seen with mtime 1629009988.4273894
2021-09-10 12:41:35,777 File /var/www/html/passwordmanager/env/lib/python3.8/site-packages/rest_framework/apps.py first seen with mtime 1628431825.8148694
2021-09-10 12:41:35,777 File /usr/lib/python3.8/wsgiref/handlers.py first seen with mtime 1622630955.0
2021-09-10 12:41:35,777 File /var/www/html/passwordmanager/env/lib/python3.8/site-packages/django/core/checks/database.py first seen with mtime 1629009988.4113896
2021-09-10 12:41:35,777 File /var/www/html/passwordmanager/env/lib/python3.8/site-packages/cryptography/hazmat/primitives/kdf/pbkdf2.py first seen with mtime 1628946887.6998196
2021-09-10 12:41:35,777 File /var/www/html/passwordmanager/env/lib/python3.8/site-packages/rest_framework/response.py first seen with mtime 1628431825.8188696
2021-09-10 12:41:35,777 File /usr/lib/python3.8/email/quoprimime.py first seen with mtime 1622630955.0
2021-09-10 12:41:35,777 File /usr/lib/python3.8/email/generator.py first seen with mtime 1622630955.0
2021-09-10 12:41:35,778 File /usr/lib/python3.8/_compat_pickle.py first seen with mtime 1622630955.0
2021-09-10 12:41:35,778 File /var/www/html/passwordmanager/env/lib/python3.8/site-packages/rest_framework/utils/mediatypes.py first seen with mtime 1628431825.8548732
2021-09-10 12:41:35,778 File /var/www/html/passwordmanager/env/lib/python3.8/site-packages/django/middleware/security.py first seen with mtime 1629009988.4393892
2021-09-10 12:41:35,778 File /usr/lib/python3.8/json/scanner.py first seen with mtime 1622630955.0
2021-09-10 12:41:35,778 File /var/www/html/passwordmanager/env/lib/python3.8/site-packages/django/utils/datastructures.py first seen with mtime 1629009988.4473891
2021-09-10 12:41:35,778 File /usr/lib/python3.8/codecs.py first seen with mtime 1622630955.0
2021-09-10 12:41:35,778 File /usr/lib/python3.8/uuid.py first seen with mtime 1622630955.0
2021-09-10 12:41:35,778 File /var/www/html/passwordmanager/env/lib/python3.8/site-packages/django/utils/formats.py first seen with mtime 1629009988.4473891
2021-09-10 12:41:35,778 File /usr/lib/python3.8/_markupbase.py first seen with mtime 1622630955.0
2021-09-10 12:41:35,778 File /usr/lib/python3.8/threading.py first seen with mtime 1622630955.0
2021-09-10 12:41:35,778 File /var/www/html/passwordmanager/env/lib/python3.8/site-packages/django/core/files/move.py first seen with mtime 1629009988.4113896
2021-09-10 12:41:35,778 File /var/www/html/passwordmanager/env/lib/python3.8/site-packages/django/contrib/sessions/__init__.py first seen with mtime 1629009988.3713903
2021-09-10 12:41:35,778 File /var/www/html/passwordmanager/env/lib/python3.8/site-packages/rest_framework/settings.py first seen with mtime 1628431825.8188696
2021-09-10 12:41:35,779 File /var/www/html/passwordmanager/env/passwordmanagerapi/core/models.py first seen with mtime 1631258891.3450274
2021-09-10 12:41:35,779 File /var/www/html/passwordmanager/env/lib/python3.8/site-packages/django/views/decorators/__init__.py first seen with mtime 1629009988.4513888
2021-09-10 12:41:35,779 File /var/www/html/passwordmanager/env/lib/python3.8/site-packages/rest_framework/templatetags/__init__.py first seen with mtime 1628431825.8548732
2021-09-10 12:41:35,779 File /var/www/html/passwordmanager/env/lib/python3.8/site-packages/django/templatetags/static.py first seen with mtime 1629009988.4433892
2021-09-10 12:41:35,779 File /var/www/html/passwordmanager/env/lib/python3.8/site-packages/django/utils/functional.py first seen with mtime 1629009988.4473891
2021-09-10 12:41:35,779 File /var/www/html/passwordmanager/env/lib/python3.8/site-packages/rest_framework/utils/json.py first seen with mtime 1628431825.8548732
2021-09-10 12:41:35,779 File /var/www/html/passwordmanager/env/lib/python3.8/site-packages/sqlparse/formatter.py first seen with mtime 1629009987.319408
2021-09-10 12:41:35,779 File /var/www/html/passwordmanager/env/lib/python3.8/site-packages/django/forms/renderers.py first seen with mtime 1629009988.4353893
2021-09-10 12:41:35,779 File /usr/lib/python3.8/urllib/response.py first seen with mtime 1622630955.0
2021-09-10 12:41:35,779 File /var/www/html/passwordmanager/env/lib/python3.8/site-packages/django/middleware/csrf.py first seen with mtime 1629009988.4393892
2021-09-10 12:41:35,779 File /usr/lib/python3.8/pprint.py first seen with mtime 1622630955.0
2021-09-10 12:41:35,780 File /var/www/html/passwordmanager/env/lib/python3.8/site-packages/django/contrib/staticfiles/views.py first seen with mtime 1629009988.4073896
2021-09-10 12:41:35,780 File /var/www/html/passwordmanager/env/lib/python3.8/site-packages/django/contrib/auth/validators.py first seen with mtime 1629009988.203393
2021-09-10 12:41:35,780 File /var/www/html/passwordmanager/env/lib/python3.8/site-packages/django/core/cache/backends/filebased.py first seen with mtime 1629009988.4113896
2021-09-10 12:41:35,780 File /var/www/html/passwordmanager/env/lib/python3.8/site-packages/django/contrib/staticfiles/management/commands/runserver.py first seen with mtime 1629009988.4073896
2021-09-10 12:41:35,780 File /usr/lib/python3.8/asyncio/locks.py first seen with mtime 1622630955.0
2021-09-10 12:41:35,780 File /var/www/html/passwordmanager/env/lib/python3.8/site-packages/sqlparse/filters/__init__.py first seen with mtime 1629009987.319408
2021-09-10 12:41:35,780 File /var/www/html/passwordmanager/env/lib/python3.8/site-packages/django/utils/dateformat.py first seen with mtime 1629009988.4473891
2021-09-10 12:41:35,781 File /var/www/html/passwordmanager/env/lib/python3.8/site-packages/django/template/__init__.py first seen with mtime 1629009988.4393892
2021-09-10 12:41:35,781 File /var/www/html/passwordmanager/env/lib/python3.8/site-packages/sqlparse/lexer.py first seen with mtime 1629009987.319408
2021-09-10 12:41:35,781 File /var/www/html/passwordmanager/env/lib/python3.8/site-packages/django/urls/utils.py first seen with mtime 1629009988.4473891
2021-09-10 12:41:35,781 File /var/www/html/passwordmanager/env/lib/python3.8/site-packages/pytz/__init__.py first seen with mtime 1629009987.1514106
2021-09-10 12:41:35,781 File /var/www/html/passwordmanager/env/lib/python3.8/site-packages/django/contrib/sites/__init__.py first seen with mtime 1629009988.3913898
2021-09-10 12:41:35,781 File /usr/lib/python3.8/sre_compile.py first seen with mtime 1622630955.0
2021-09-10 12:41:35,781 File /var/www/html/passwordmanager/env/lib/python3.8/site-packages/django/db/models/signals.py first seen with mtime 1629009988.4273894
2021-09-10 12:41:35,781 File /var/www/html/passwordmanager/env/lib/python3.8/site-packages/django/core/files/storage.py first seen with mtime 1629009988.4113896
2021-09-10 12:41:35,781 File /usr/lib/python3.8/copy.py first seen with mtime 1622630955.0
2021-09-10 12:41:35,781 File /usr/lib/python3.8/json/decoder.py first seen with mtime 1622630955.0
2021-09-10 12:41:35,781 File /usr/lib/python3.8/xml/dom/domreg.py first seen with mtime 1622630955.0
2021-09-10 12:41:35,781 File /var/www/html/passwordmanager/env/lib/python3.8/site-packages/django/core/cache/backends/__init__.py first seen with mtime 1629009988.4113896
2021-09-10 12:41:35,782 File /var/www/html/passwordmanager/env/lib/python3.8/site-packages/rest_framework/metadata.py first seen with mtime 1628431825.8188696
2021-09-10 12:41:35,782 File /var/www/html/passwordmanager/env/lib/python3.8/site-packages/django/http/request.py first seen with mtime 1629009988.4393892
2021-09-10 12:41:35,782 File /var/www/html/passwordmanager/env/lib/python3.8/site-packages/django/db/models/lookups.py first seen with mtime 1629009988.4273894
2021-09-10 12:41:35,782 File /var/www/html/passwordmanager/env/lib/python3.8/site-packages/sqlparse/filters/reindent.py first seen with mtime 1629009987.319408
2021-09-10 12:41:35,782 File /usr/lib/python3.8/encodings/latin_1.py first seen with mtime 1622630955.0
2021-09-10 12:41:35,782 File /var/www/html/passwordmanager/env/lib/python3.8/site-packages/django/template/exceptions.py first seen with mtime 1629009988.4393892
2021-09-10 12:41:35,782 File /var/www/html/passwordmanager/env/lib/python3.8/site-packages/django/views/csrf.py first seen with mtime 1629009988.4513888
2021-09-10 12:41:35,782 File /var/www/html/passwordmanager/env/lib/python3.8/site-packages/pytz/exceptions.py first seen with mtime 1629009987.1554105
2021-09-10 12:41:35,782 File /usr/lib/python3.8/importlib/abc.py first seen with mtime 1622630955.0
2021-09-10 12:41:35,782 File /var/www/html/passwordmanager/env/lib/python3.8/site-packages/django/contrib/messages/__init__.py first seen with mtime 1629009988.3353908
2021-09-10 12:41:35,783 File /usr/lib/python3.8/token.py first seen with mtime 1622630955.0
2021-09-10 12:41:35,783 File /var/www/html/passwordmanager/env/lib/python3.8/site-packages/corsheaders/checks.py first seen with mtime 1628431832.4514637
2021-09-10 12:41:35,783 File /var/www/html/passwordmanager/env/lib/python3.8/site-packages/django/db/models/sql/subqueries.py first seen with mtime 1629009988.4313893
2021-09-10 12:41:35,783 File /var/www/html/passwordmanager/env/lib/python3.8/site-packages/django/db/models/fields/files.py first seen with mtime 1629009988.4313893
2021-09-10 12:41:35,783 File /var/www/html/passwordmanager/env/lib/python3.8/site-packages/django/core/cache/backends/locmem.py first seen with mtime 1629009988.4113896
2021-09-10 12:41:35,783 File /var/www/html/passwordmanager/env/lib/python3.8/site-packages/django/utils/autoreload.py first seen with mtime 1629009988.4473891
2021-09-10 12:41:35,783 File /var/www/html/passwordmanager/env/lib/python3.8/site-packages/django/views/generic/detail.py first seen with mtime 1629009988.4513888
2021-09-10 12:41:35,783 File /var/www/html/passwordmanager/env/lib/python3.8/site-packages/django/contrib/contenttypes/apps.py first seen with mtime 1629009988.2313926
2021-09-10 12:41:35,783 File /usr/lib/python3.8/email/base64mime.py first seen with mtime 1622630955.0
2021-09-10 12:41:35,783 File /var/www/html/passwordmanager/env/lib/python3.8/site-packages/django/utils/baseconv.py first seen with mtime 1629009988.4473891
2021-09-10 12:41:35,783 File /usr/lib/python3.8/email/_header_value_parser.py first seen with mtime 1622630955.0
2021-09-10 12:41:35,783 File /var/www/html/passwordmanager/env/lib/python3.8/site-packages/django/contrib/admin/__init__.py first seen with mtime 1629009988.1033947
2021-09-10 12:41:35,784 File /var/www/html/passwordmanager/env/lib/python3.8/site-packages/django/db/models/functions/text.py first seen with mtime 1629009988.4313893
2021-09-10 12:41:35,784 File /var/www/html/passwordmanager/env/lib/python3.8/site-packages/django/core/management/commands/__init__.py first seen with mtime 1629009988.4153895
2021-09-10 12:41:35,784 File /var/www/html/passwordmanager/env/lib/python3.8/site-packages/django/contrib/admin/templatetags/log.py first seen with mtime 1629009988.1793935
2021-09-10 12:41:35,784 File /usr/lib/python3.8/asyncio/base_events.py first seen with mtime 1622630955.0
2021-09-10 12:41:35,784 File /var/www/html/passwordmanager/env/lib/python3.8/site-packages/django/db/transaction.py first seen with mtime 1629009988.4193895
2021-09-10 12:41:35,784 File /var/www/html/passwordmanager/env/lib/python3.8/site-packages/django/template/backends/django.py first seen with mtime 1629009988.4433892
2021-09-10 12:41:35,784 File /usr/lib/python3.8/os.py first seen with mtime 1622630955.0
2021-09-10 12:41:35,784 File /usr/lib/python3.8/email/feedparser.py first seen with mtime 1622630955.0
2021-09-10 12:41:35,784 File /var/www/html/passwordmanager/env/lib/python3.8/site-packages/django/db/backends/base/validation.py first seen with mtime 1629009988.4193895
2021-09-10 12:41:35,784 File /var/www/html/passwordmanager/env/lib/python3.8/site-packages/django/templatetags/tz.py first seen with mtime 1629009988.4433892
2021-09-10 12:41:35,784 File /usr/lib/python3.8/email/policy.py first seen with mtime 1622630955.0
2021-09-10 12:41:35,784 File /var/www/html/passwordmanager/env/lib/python3.8/site-packages/sqlparse/engine/grouping.py first seen with mtime 1629009987.319408
2021-09-10 12:41:35,785 File /var/www/html/passwordmanager/env/lib/python3.8/site-packages/sqlparse/keywords.py first seen with mtime 1629009987.319408
2021-09-10 12:41:35,785 File /var/www/html/passwordmanager/env/lib/python3.8/site-packages/rest_framework/utils/humanize_datetime.py first seen with mtime 1628431825.8548732
2021-09-10 12:41:35,785 File /var/www/html/passwordmanager/env/lib/python3.8/site-packages/django/core/serializers/json.py first seen with mtime 1629009988.4193895
2021-09-10 12:41:35,785 File /var/www/html/passwordmanager/env/lib/python3.8/site-packages/django/db/backends/sqlite3/client.py first seen with mtime 1629009988.4233894
2021-09-10 12:41:35,785 File /var/www/html/passwordmanager/env/lib/python3.8/site-packages/django/utils/http.py first seen with mtime 1629009988.4473891
2021-09-10 12:41:35,785 File /var/www/html/passwordmanager/env/passwordmanagerapi/core/admin.py first seen with mtime 1628921890.0680869
2021-09-10 12:41:35,785 File /var/www/html/passwordmanager/env/lib/python3.8/site-packages/django/core/management/__init__.py first seen with mtime 1629009988.4153895
2021-09-10 12:41:35,785 File /var/www/html/passwordmanager/env/lib/python3.8/site-packages/django/contrib/auth/middleware.py first seen with mtime 1629009988.203393
2021-09-10 12:41:35,785 File /var/www/html/passwordmanager/env/lib/python3.8/site-packages/django/test/client.py first seen with mtime 1629009988.4433892
2021-09-10 12:41:35,785 File /var/www/html/passwordmanager/env/passwordmanagerapi/passwordmanagerapi/__init__.py first seen with mtime 1628431858.641436
2021-09-10 12:41:35,785 File /var/www/html/passwordmanager/env/lib/python3.8/site-packages/django/core/handlers/wsgi.py first seen with mtime 1629009988.4153895
2021-09-10 12:41:35,786 File /var/www/html/passwordmanager/env/passwordmanagerapi/passwordmanagerapi/urls.py first seen with mtime 1629015061.6198087
2021-09-10 12:41:35,786 File /var/www/html/passwordmanager/env/lib/python3.8/site-packages/django/db/backends/base/features.py first seen with mtime 1629009988.4193895
2021-09-10 12:41:35,786 File /var/www/html/passwordmanager/env/lib/python3.8/site-packages/django/contrib/admin/exceptions.py first seen with mtime 1629009988.1073947
2021-09-10 12:41:35,786 File /usr/lib/python3.8/unittest/loader.py first seen with mtime 1622630955.0
2021-09-10 12:41:35,786 File /usr/lib/python3.8/distutils/version.py first seen with mtime 1622630955.0
2021-09-10 12:41:35,786 File /var/www/html/passwordmanager/env/lib/python3.8/site-packages/django/forms/formsets.py first seen with mtime 1629009988.4353893
2021-09-10 12:41:35,786 File /usr/lib/python3.8/importlib/machinery.py first seen with mtime 1622630955.0
2021-09-10 12:41:35,786 File /usr/lib/python3.8/inspect.py first seen with mtime 1622630955.0
2021-09-10 12:41:35,786 File /usr/lib/python3.8/platform.py first seen with mtime 1622630955.0
2021-09-10 12:41:35,786 File /var/www/html/passwordmanager/env/lib/python3.8/site-packages/django/contrib/auth/signals.py first seen with mtime 1629009988.203393
2021-09-10 12:41:35,786 File /var/www/html/passwordmanager/env/lib/python3.8/site-packages/django/core/signals.py first seen with mtime 1629009988.4113896
2021-09-10 12:41:35,786 File /var/www/html/passwordmanager/env/lib/python3.8/site-packages/django/utils/regex_helper.py first seen with mtime 1629009988.4473891
2021-09-10 12:41:35,787 File /usr/lib/python3.8/concurrent/futures/_base.py first seen with mtime 1622630955.0
2021-09-10 12:41:35,787 File /var/www/html/passwordmanager/env/lib/python3.8/site-packages/django/utils/cache.py first seen with mtime 1629009988.4473891
2021-09-10 12:41:35,787 File /usr/lib/python3.8/asyncio/base_futures.py first seen with mtime 1622630955.0
2021-09-10 12:41:35,787 File /var/www/html/passwordmanager/env/lib/python3.8/site-packages/django/db/utils.py first seen with mtime 1629009988.4193895
2021-09-10 12:41:35,787 File /var/www/html/passwordmanager/env/lib/python3.8/site-packages/django/test/utils.py first seen with mtime 1629009988.4433892
2021-09-10 12:41:35,787 File /var/www/html/passwordmanager/env/lib/python3.8/site-packages/cryptography/hazmat/primitives/hmac.py first seen with mtime 1628946887.6958194
2021-09-10 12:41:35,787 File /var/www/html/passwordmanager/env/lib/python3.8/site-packages/django/urls/converters.py first seen with mtime 1629009988.4473891
2021-09-10 12:41:35,787 File /var/www/html/passwordmanager/env/lib/python3.8/site-packages/django/template/backends/base.py first seen with mtime 1629009988.4433892
2021-09-10 12:41:35,787 File /usr/lib/python3.8/encodings/aliases.py first seen with mtime 1622630955.0
2021-09-10 12:41:35,787 File /var/www/html/passwordmanager/env/lib/python3.8/site-packages/django/utils/deconstruct.py first seen with mtime 1629009988.4473891
2021-09-10 12:41:35,788 File /var/www/html/passwordmanager/env/lib/python3.8/site-packages/django/core/management/commands/runserver.py first seen with mtime 1629009988.4153895
2021-09-10 12:41:35,788 File /var/www/html/passwordmanager/env/lib/python3.8/site-packages/django/utils/decorators.py first seen with mtime 1629009988.4473891
2021-09-10 12:41:35,788 File /usr/lib/python3.8/logging/__init__.py first seen with mtime 1622630955.0
2021-09-10 12:41:35,788 File /var/www/html/passwordmanager/env/lib/python3.8/site-packages/django/core/files/__init__.py first seen with mtime 1629009988.4113896
2021-09-10 12:41:35,788 File /var/www/html/passwordmanager/env/lib/python3.8/site-packages/django/db/models/functions/window.py first seen with mtime 1629009988.4313893
2021-09-10 12:41:35,788 File /var/www/html/passwordmanager/env/lib/python3.8/site-packages/django/core/management/color.py first seen with mtime 1629009988.4153895
2021-09-10 12:41:35,788 File /usr/lib/python3.8/http/client.py first seen with mtime 1622630955.0
2021-09-10 12:41:35,788 File /var/www/html/passwordmanager/env/lib/python3.8/site-packages/django/db/backends/base/base.py first seen with mtime 1629009988.4193895
2021-09-10 12:41:35,788 File /var/www/html/passwordmanager/env/lib/python3.8/site-packages/rest_framework/utils/urls.py first seen with mtime 1628431825.8548732
2021-09-10 12:41:35,788 File /usr/lib/python3.8/operator.py first seen with mtime 1622630955.0
2021-09-10 12:41:35,789 File /var/www/html/passwordmanager/env/lib/python3.8/site-packages/django/db/backends/sqlite3/operations.py first seen with mtime 1629009988.4233894
2021-09-10 12:41:35,789 File /var/www/html/passwordmanager/env/lib/python3.8/site-packages/cryptography/__about__.py first seen with mtime 1628946887.6958194
2021-09-10 12:41:35,789 File /usr/lib/python3.8/html/__init__.py first seen with mtime 1622630955.0
2021-09-10 12:41:35,789 File /var/www/html/passwordmanager/env/lib/python3.8/site-packages/rest_framework/schemas/utils.py first seen with mtime 1628431825.8348713
2021-09-10 12:41:35,789 File /var/www/html/passwordmanager/env/lib/python3.8/site-packages/django/template/defaultfilters.py first seen with mtime 1629009988.4393892
2021-09-10 12:41:35,789 File /var/www/html/passwordmanager/env/lib/python3.8/site-packages/sqlparse/sql.py first seen with mtime 1629009987.319408
2021-09-10 12:41:35,789 File /var/www/html/passwordmanager/env/lib/python3.8/site-packages/django/forms/models.py first seen with mtime 1629009988.4353893
2021-09-10 12:41:35,789 File /usr/lib/python3.8/json/encoder.py first seen with mtime 1622630955.0
2021-09-10 12:41:35,789 File /usr/lib/python3.8/xml/dom/minicompat.py first seen with mtime 1622630955.0
2021-09-10 12:41:35,789 File /var/www/html/passwordmanager/env/lib/python3.8/site-packages/django/contrib/admin/templatetags/base.py first seen with mtime 1629009988.1793935
2021-09-10 12:41:35,789 File /var/www/html/passwordmanager/env/lib/python3.8/site-packages/django/contrib/contenttypes/management/__init__.py first seen with mtime 1629009988.2473924
2021-09-10 12:41:35,789 File /usr/lib/python3.8/lib-dynload/_hashlib.cpython-38-x86_64-linux-gnu.so first seen with mtime 1622630955.0
2021-09-10 12:41:35,789 File /var/www/html/passwordmanager/env/lib/python3.8/site-packages/django/forms/boundfield.py first seen with mtime 1629009988.4313893
2021-09-10 12:41:35,789 File /var/www/html/passwordmanager/env/lib/python3.8/site-packages/rest_framework/renderers.py first seen with mtime 1628431825.8188696
2021-09-10 12:41:35,790 File /usr/lib/python3.8/argparse.py first seen with mtime 1622630955.0
2021-09-10 12:41:35,790 File /var/www/html/passwordmanager/env/lib/python3.8/site-packages/django/views/defaults.py first seen with mtime 1629009988.4513888
2021-09-10 12:41:35,790 File /var/www/html/passwordmanager/env/lib/python3.8/site-packages/cryptography/hazmat/primitives/padding.py first seen with mtime 1628946887.6958194
2021-09-10 12:41:35,790 File /var/www/html/passwordmanager/env/lib/python3.8/site-packages/django/db/migrations/operations/fields.py first seen with mtime 1629009988.4273894
2021-09-10 12:41:35,790 File /usr/lib/python3.8/email/parser.py first seen with mtime 1622630955.0
2021-09-10 12:41:35,790 File /var/www/html/passwordmanager/env/lib/python3.8/site-packages/django/core/servers/basehttp.py first seen with mtime 1629009988.4193895
2021-09-10 12:41:35,790 File /usr/lib/python3.8/xml/dom/minidom.py first seen with mtime 1622630955.0
2021-09-10 12:41:35,790 File /usr/lib/python3.8/unittest/async_case.py first seen with mtime 1622630955.0
2021-09-10 12:41:35,790 File /usr/lib/python3.8/abc.py first seen with mtime 1622630955.0
2021-09-10 12:41:35,790 File /var/www/html/passwordmanager/env/lib/python3.8/site-packages/django/contrib/postgres/__init__.py first seen with mtime 1629009988.3353908
2021-09-10 12:41:35,790 File /var/www/html/passwordmanager/env/lib/python3.8/site-packages/django/db/models/query_utils.py first seen with mtime 1629009988.4273894
2021-09-10 12:41:35,791 File /var/www/html/passwordmanager/env/passwordmanagerapi/passwordmanagerapi/settings.py first seen with mtime 1630253890.2813258
2021-09-10 12:41:35,791 File /var/www/html/passwordmanager/env/lib/python3.8/site-packages/django/core/mail/message.py first seen with mtime 1629009988.4153895
2021-09-10 12:41:35,791 File /var/www/html/passwordmanager/env/lib/python3.8/site-packages/django/contrib/admin/options.py first seen with mtime 1629009988.1073947
2021-09-10 12:41:35,791 File /var/www/html/passwordmanager/env/lib/python3.8/site-packages/rest_framework/__init__.py first seen with mtime 1628431825.8148694
2021-09-10 12:41:35,791 File /var/www/html/passwordmanager/env/lib/python3.8/site-packages/django/core/exceptions.py first seen with mtime 1629009988.4113896
2021-09-10 12:41:35,791 File /var/www/html/passwordmanager/env/lib/python3.8/site-packages/django/views/generic/__init__.py first seen with mtime 1629009988.4513888
2021-09-10 12:41:35,791 File /var/www/html/passwordmanager/env/passwordmanagerapi/manage.py first seen with mtime 1628431858.641436
2021-09-10 12:41:35,791 File /var/www/html/passwordmanager/env/lib/python3.8/site-packages/django/db/__init__.py first seen with mtime 1629009988.4193895
2021-09-10 12:41:35,791 File /var/www/html/passwordmanager/env/lib/python3.8/site-packages/django/template/loaders/app_directories.py first seen with mtime 1629009988.4433892
2021-09-10 12:41:35,791 File /usr/lib/python3.8/string.py first seen with mtime 1622630955.0
2021-09-10 12:41:35,791 File /usr/lib/python3.8/urllib/parse.py first seen with mtime 1622630955.0
2021-09-10 12:41:35,791 File /var/www/html/passwordmanager/env/lib/python3.8/site-packages/_cffi_backend.cpython-38-x86_64-linux-gnu.so first seen with mtime 1628946887.643815
2021-09-10 12:41:35,792 File /usr/lib/python3.8/unittest/case.py first seen with mtime 1622630955.0
2021-09-10 12:41:35,792 File /usr/lib/python3.8/typing.py first seen with mtime 1622630955.0
2021-09-10 12:41:35,792 File /usr/lib/python3.8/email/mime/nonmultipart.py first seen with mtime 1622630955.0
2021-09-10 12:41:35,792 File /usr/lib/python3.8/hmac.py first seen with mtime 1622630955.0
2021-09-10 12:41:35,792 File /var/www/html/passwordmanager/env/lib/python3.8/site-packages/django/core/cache/backends/base.py first seen with mtime 1629009988.4113896
2021-09-10 12:41:35,792 File /usr/lib/python3.8/email/utils.py first seen with mtime 1622630955.0
2021-09-10 12:41:35,792 File /usr/lib/python3.8/tokenize.py first seen with mtime 1622630955.0
2021-09-10 12:41:35,792 File /var/www/html/passwordmanager/env/lib/python3.8/site-packages/django/db/models/options.py first seen with mtime 1629009988.4273894
2021-09-10 12:41:35,792 File /var/www/html/passwordmanager/env/lib/python3.8/site-packages/django/conf/global_settings.py first seen with mtime 1629009988.0433958
2021-09-10 12:41:35,792 File /var/www/html/passwordmanager/env/lib/python3.8/site-packages/django/dispatch/dispatcher.py first seen with mtime 1629009988.4313893
2021-09-10 12:41:35,792 File /usr/lib/python3.8/email/message.py first seen with mtime 1622630955.0
2021-09-10 12:41:35,792 File /var/www/html/passwordmanager/env/lib/python3.8/site-packages/django/db/backends/base/client.py first seen with mtime 1629009988.4193895
2021-09-10 12:41:35,793 File /var/www/html/passwordmanager/env/lib/python3.8/site-packages/cryptography/hazmat/bindings/_padding.abi3.so first seen with mtime 1628946887.70382
2021-09-10 12:41:35,793 File /var/www/html/passwordmanager/env/lib/python3.8/site-packages/django/conf/__init__.py first seen with mtime 1629009988.0433958
2021-09-10 12:41:35,793 File /var/www/html/passwordmanager/env/lib/python3.8/site-packages/django/db/backends/__init__.py first seen with mtime 1629009988.4193895
2021-09-10 12:41:35,793 File /usr/lib/python3.8/email/iterators.py first seen with mtime 1622630955.0
2021-09-10 12:41:35,793 File /var/www/html/passwordmanager/env/lib/python3.8/site-packages/rest_framework/serializers.py first seen with mtime 1628431825.8188696
2021-09-10 12:41:35,793 File /usr/lib/python3.8/lib-dynload/_queue.cpython-38-x86_64-linux-gnu.so first seen with mtime 1622630955.0
2021-09-10 12:41:35,793 File /var/www/html/passwordmanager/env/lib/python3.8/site-packages/django/utils/lorem_ipsum.py first seen with mtime 1629009988.4473891
2021-09-10 12:41:35,793 File /var/www/html/passwordmanager/env/lib/python3.8/site-packages/rest_framework/exceptions.py first seen with mtime 1628431825.8188696
2021-09-10 12:41:35,793 File /var/www/html/passwordmanager/env/lib/python3.8/site-packages/rest_framework/parsers.py first seen with mtime 1628431825.8188696
2021-09-10 12:41:35,793 File /usr/lib/python3.8/urllib/__init__.py first seen with mtime 1622630955.0
2021-09-10 12:41:35,793 File /var/www/html/passwordmanager/env/lib/python3.8/site-packages/corsheaders/conf.py first seen with mtime 1628431832.4514637
2021-09-10 12:41:35,794 File /usr/lib/python3.8/lib-dynload/_sqlite3.cpython-38-x86_64-linux-gnu.so first seen with mtime 1622630955.0
2021-09-10 12:41:35,794 File /var/www/html/passwordmanager/env/lib/python3.8/site-packages/django/core/serializers/__init__.py first seen with mtime 1629009988.4193895
2021-09-10 12:41:35,794 File /usr/lib/python3.8/genericpath.py first seen with mtime 1622630955.0
2021-09-10 12:41:35,794 File /var/www/html/passwordmanager/env/lib/python3.8/site-packages/rest_framework/utils/representation.py first seen with mtime 1628431825.8548732
2021-09-10 12:41:35,794 File /var/www/html/passwordmanager/env/lib/python3.8/site-packages/django/template/loaders/filesystem.py first seen with mtime 1629009988.4433892
2021-09-10 12:41:35,794 File /var/www/html/passwordmanager/env/lib/python3.8/site-packages/django/db/backends/base/creation.py first seen with mtime 1629009988.4193895
2021-09-10 12:41:35,794 File /var/www/html/passwordmanager/env/lib/python3.8/site-packages/sqlparse/engine/__init__.py first seen with mtime 1629009987.319408
2021-09-10 12:41:35,794 File /var/www/html/passwordmanager/env/lib/python3.8/site-packages/django/db/models/base.py first seen with mtime 1629009988.4273894
2021-09-10 12:41:35,794 File /var/www/html/passwordmanager/env/lib/python3.8/site-packages/rest_framework/permissions.py first seen with mtime 1628431825.8188696
2021-09-10 12:41:35,794 File /var/www/html/passwordmanager/env/lib/python3.8/site-packages/rest_framework/mixins.py first seen with mtime 1628431825.8188696
2021-09-10 12:41:35,794 File /usr/lib/python3.8/unittest/util.py first seen with mtime 1622630955.0
2021-09-10 12:41:35,795 File /var/www/html/passwordmanager/env/lib/python3.8/site-packages/django/db/backends/base/schema.py first seen with mtime 1629009988.4193895
2021-09-10 12:41:35,795 File /var/www/html/passwordmanager/env/lib/python3.8/site-packages/django/http/response.py first seen with mtime 1629009988.4393892
2021-09-10 12:41:35,795 File /var/www/html/passwordmanager/env/lib/python3.8/site-packages/django/core/mail/__init__.py first seen with mtime 1629009988.4153895
2021-09-10 12:41:35,795 File /usr/lib/python3.8/subprocess.py first seen with mtime 1622630955.0
2021-09-10 12:41:35,795 File /usr/lib/python3.8/email/mime/message.py first seen with mtime 1622630955.0
2021-09-10 12:41:35,795 File /usr/lib/python3.8/stat.py first seen with mtime 1622630955.0
2021-09-10 12:41:35,795 File /usr/lib/python3.8/keyword.py first seen with mtime 1622630955.0
2021-09-10 12:41:35,795 File /var/www/html/passwordmanager/env/lib/python3.8/site-packages/sqlparse/exceptions.py first seen with mtime 1629009987.319408
2021-09-10 12:41:35,795 File /usr/lib/python3.8/traceback.py first seen with mtime 1622630955.0
2021-09-10 12:41:35,795 File /var/www/html/passwordmanager/env/lib/python3.8/site-packages/django/db/models/indexes.py first seen with mtime 1629009988.4273894
2021-09-10 12:41:35,795 File /var/www/html/passwordmanager/env/lib/python3.8/site-packages/django/db/models/sql/constants.py first seen with mtime 1629009988.4313893
2021-09-10 12:41:35,796 File /var/www/html/passwordmanager/env/passwordmanagerapi/core/apps.py first seen with mtime 1628431874.6904287
2021-09-10 12:41:35,796 File /var/www/html/passwordmanager/env/lib/python3.8/site-packages/django/db/migrations/__init__.py first seen with mtime 1629009988.4233894
2021-09-10 12:41:35,796 File /var/www/html/passwordmanager/env/lib/python3.8/site-packages/pytz/lazy.py first seen with mtime 1629009987.1554105
2021-09-10 12:41:35,796 File /var/www/html/passwordmanager/env/lib/python3.8/site-packages/sqlparse/filters/output.py first seen with mtime 1629009987.319408
2021-09-10 12:41:35,796 File /usr/lib/python3.8/gettext.py first seen with mtime 1622630955.0
2021-09-10 12:41:35,796 File /usr/lib/python3.8/email/__init__.py first seen with mtime 1622630955.0
2021-09-10 12:41:35,796 File /var/www/html/passwordmanager/env/lib/python3.8/site-packages/cryptography/hazmat/primitives/constant_time.py first seen with mtime 1628946887.6958194
2021-09-10 12:41:35,796 File /var/www/html/passwordmanager/env/lib/python3.8/site-packages/corsheaders/__init__.py first seen with mtime 1628431832.4514637
2021-09-10 12:41:35,796 File /var/www/html/passwordmanager/env/lib/python3.8/site-packages/django/contrib/auth/checks.py first seen with mtime 1629009988.203393
2021-09-10 12:41:35,796 File /var/www/html/passwordmanager/env/lib/python3.8/site-packages/django/apps/__init__.py first seen with mtime 1629009988.0433958
2021-09-10 12:41:35,796 File /var/www/html/passwordmanager/env/lib/python3.8/site-packages/pytz/tzinfo.py first seen with mtime 1629009987.1554105
2021-09-10 12:41:35,797 File /var/www/html/passwordmanager/env/lib/python3.8/site-packages/rest_framework/negotiation.py first seen with mtime 1628431825.8188696
2021-09-10 12:41:35,797 File /var/www/html/passwordmanager/env/lib/python3.8/site-packages/cryptography/hazmat/backends/interfaces.py first seen with mtime 1628946887.7478235
2021-09-10 12:41:35,797 File /var/www/html/passwordmanager/env/lib/python3.8/site-packages/django/contrib/messages/storage/__init__.py first seen with mtime 1629009988.3353908
2021-09-10 12:41:35,797 File /usr/lib/python3.8/io.py first seen with mtime 1622630955.0
2021-09-10 12:41:35,797 File /var/www/html/passwordmanager/env/lib/python3.8/site-packages/django/contrib/staticfiles/checks.py first seen with mtime 1629009988.4073896
2021-09-10 12:41:35,797 File /usr/lib/python3.8/_bootlocale.py first seen with mtime 1622630955.0
2021-09-10 12:41:35,797 File /var/www/html/passwordmanager/env/lib/python3.8/site-packages/django/contrib/contenttypes/__init__.py first seen with mtime 1629009988.2313926
2021-09-10 12:41:35,797 File /usr/lib/python3.8/email/header.py first seen with mtime 1622630955.0
2021-09-10 12:41:35,797 File /var/www/html/passwordmanager/env/lib/python3.8/site-packages/django/utils/topological_sort.py first seen with mtime 1629009988.4513888
2021-09-10 12:41:35,797 File /var/www/html/passwordmanager/env/lib/python3.8/site-packages/django/views/generic/edit.py first seen with mtime 1629009988.4513888
2021-09-10 12:41:35,797 File /var/www/html/passwordmanager/env/lib/python3.8/site-packages/django/utils/asyncio.py first seen with mtime 1629009988.4473891
2021-09-10 12:41:35,797 File /var/www/html/passwordmanager/env/lib/python3.8/site-packages/django/contrib/auth/models.py first seen with mtime 1629009988.203393
2021-09-10 12:41:35,798 File /var/www/html/passwordmanager/env/lib/python3.8/site-packages/django/forms/utils.py first seen with mtime 1629009988.4353893
2021-09-10 12:41:35,798 File /var/www/html/passwordmanager/env/lib/python3.8/site-packages/django/contrib/contenttypes/forms.py first seen with mtime 1629009988.2313926
2021-09-10 12:41:35,798 File /var/www/html/passwordmanager/env/lib/python3.8/site-packages/django/utils/itercompat.py first seen with mtime 1629009988.4473891
2021-09-10 12:41:35,798 File /usr/lib/python3.8/asyncio/constants.py first seen with mtime 1622630955.0
2021-09-10 12:41:35,798 File /var/www/html/passwordmanager/env/lib/python3.8/site-packages/asgiref/__init__.py first seen with mtime 1629009987.2914083
2021-09-10 12:41:35,798 File /var/www/html/passwordmanager/env/lib/python3.8/site-packages/django/core/validators.py first seen with mtime 1629009988.4113896
2021-09-10 12:41:35,798 File /var/www/html/passwordmanager/env/lib/python3.8/site-packages/django/core/checks/security/csrf.py first seen with mtime 1629009988.4113896
2021-09-10 12:41:35,798 File /var/www/html/passwordmanager/env/lib/python3.8/site-packages/django/contrib/admin/templatetags/admin_list.py first seen with mtime 1629009988.1793935
2021-09-10 12:41:35,798 File /var/www/html/passwordmanager/env/lib/python3.8/site-packages/django/utils/__init__.py first seen with mtime 1629009988.4473891
2021-09-10 12:41:35,798 File /var/www/html/passwordmanager/env/lib/python3.8/site-packages/django/contrib/staticfiles/finders.py first seen with mtime 1629009988.4073896
2021-09-10 12:41:35,799 File /var/www/html/passwordmanager/env/lib/python3.8/site-packages/django/core/files/temp.py first seen with mtime 1629009988.4113896
2021-09-10 12:41:35,799 File /var/www/html/passwordmanager/env/lib/python3.8/site-packages/django/core/management/sql.py first seen with mtime 1629009988.4153895
2021-09-10 12:41:35,799 File /usr/lib/python3.8/asyncio/base_tasks.py first seen with mtime 1622630955.0
2021-09-10 12:41:35,799 File /usr/lib/python3.8/unittest/main.py first seen with mtime 1622630955.0
2021-09-10 12:41:35,799 File /var/www/html/passwordmanager/env/lib/python3.8/site-packages/cryptography/hazmat/primitives/ciphers/base.py first seen with mtime 1628946887.6998196
2021-09-10 12:41:35,799 File /usr/lib/python3.8/re.py first seen with mtime 1622630955.0
2021-09-10 12:41:35,799 File /usr/lib/python3.8/lib-dynload/_uuid.cpython-38-x86_64-linux-gnu.so first seen with mtime 1622630955.0
2021-09-10 12:41:35,799 File /usr/lib/python3.8/unittest/__init__.py first seen with mtime 1622630955.0
2021-09-10 12:41:35,799 File /var/www/html/passwordmanager/env/lib/python3.8/site-packages/django/contrib/admindocs/__init__.py first seen with mtime 1629009988.1793935
2021-09-10 12:41:35,800 File /var/www/html/passwordmanager/env/lib/python3.8/site-packages/django/core/checks/registry.py first seen with mtime 1629009988.4113896
2021-09-10 12:41:35,800 File /usr/lib/python3.8/email/mime/__init__.py first seen with mtime 1622630955.0
2021-09-10 12:41:35,800 File /var/www/html/passwordmanager/env/lib/python3.8/site-packages/rest_framework/views.py first seen with mtime 1628431825.82287
2021-09-10 12:41:35,800 File /usr/lib/python3.8/sqlite3/__init__.py first seen with mtime 1622630955.0
2021-09-10 12:41:35,800 File /var/www/html/passwordmanager/env/lib/python3.8/site-packages/rest_framework/utils/encoders.py first seen with mtime 1628431825.8548732
2021-09-10 12:41:35,800 File /var/www/html/passwordmanager/env/lib/python3.8/site-packages/django/urls/conf.py first seen with mtime 1629009988.4433892
2021-09-10 12:41:35,800 File /var/www/html/passwordmanager/env/lib/python3.8/site-packages/rest_framework/schemas/generators.py first seen with mtime 1628431825.8348713
2021-09-10 12:41:35,800 File /usr/lib/python3.8/logging/config.py first seen with mtime 1622630955.0
2021-09-10 12:41:35,800 File /usr/lib/python3.8/ipaddress.py first seen with mtime 1622630955.0
2021-09-10 12:41:35,800 File /var/www/html/passwordmanager/env/lib/python3.8/site-packages/rest_framework/authentication.py first seen with mtime 1628431825.8148694
2021-09-10 12:41:35,800 File /var/www/html/passwordmanager/env/lib/python3.8/site-packages/rest_framework/relations.py first seen with mtime 1628431825.8188696
2021-09-10 12:41:35,801 File /var/www/html/passwordmanager/env/lib/python3.8/site-packages/cryptography/hazmat/primitives/ciphers/algorithms.py first seen with mtime 1628946887.6998196
2021-09-10 12:41:35,801 File /usr/lib/python3.8/datetime.py first seen with mtime 1622630955.0
2021-09-10 12:41:35,801 File /var/www/html/passwordmanager/env/lib/python3.8/site-packages/django/db/migrations/state.py first seen with mtime 1629009988.4273894
2021-09-10 12:41:35,801 File /var/www/html/passwordmanager/env/lib/python3.8/site-packages/asgiref/sync.py first seen with mtime 1629009987.2914083
2021-09-10 12:41:35,801 File /var/www/html/passwordmanager/env/lib/python3.8/site-packages/corsheaders/apps.py first seen with mtime 1628431832.4514637
2021-09-10 12:41:35,801 File /var/www/html/passwordmanager/env/lib/python3.8/site-packages/asgiref/current_thread_executor.py first seen with mtime 1629009987.2914083
2021-09-10 12:41:35,801 File /var/www/html/passwordmanager/env/lib/python3.8/site-packages/asgiref/compatibility.py first seen with mtime 1629009987.2914083
2021-09-10 12:41:35,801 File /var/www/html/passwordmanager/env/lib/python3.8/site-packages/django/core/checks/security/base.py first seen with mtime 1629009988.4113896
2021-09-10 12:41:35,801 File /var/www/html/passwordmanager/env/lib/python3.8/site-packages/django/db/models/utils.py first seen with mtime 1629009988.4273894
2021-09-10 12:41:35,801 File /var/www/html/passwordmanager/env/lib/python3.8/site-packages/django/utils/ipv6.py first seen with mtime 1629009988.4473891
2021-09-10 12:41:35,802 File /var/www/html/passwordmanager/env/lib/python3.8/site-packages/django/contrib/auth/password_validation.py first seen with mtime 1629009988.203393
2021-09-10 12:41:35,802 File /usr/lib/python3.8/lib-dynload/_contextvars.cpython-38-x86_64-linux-gnu.so first seen with mtime 1622630955.0
2021-09-10 12:41:35,802 File /var/www/html/passwordmanager/env/lib/python3.8/site-packages/django/db/models/fields/__init__.py first seen with mtime 1629009988.4313893
2021-09-10 12:41:35,802 File /var/www/html/passwordmanager/env/lib/python3.8/site-packages/django/shortcuts.py first seen with mtime 1629009988.0433958
2021-09-10 12:41:35,802 File /var/www/html/passwordmanager/env/lib/python3.8/site-packages/django/core/files/images.py first seen with mtime 1629009988.4113896
2021-09-10 12:41:35,802 File /var/www/html/passwordmanager/env/lib/python3.8/site-packages/rest_framework/compat.py first seen with mtime 1628431825.8148694
2021-09-10 12:41:35,802 File /usr/lib/python3.8/wsgiref/simple_server.py first seen with mtime 1622630955.0
2021-09-10 12:41:35,802 File /var/www/html/passwordmanager/env/lib/python3.8/site-packages/cryptography/hazmat/backends/__init__.py first seen with mtime 1628946887.7478235
2021-09-10 12:41:35,802 File /usr/lib/python3.8/lib-dynload/_asyncio.cpython-38-x86_64-linux-gnu.so first seen with mtime 1622630955.0
2021-09-10 12:41:35,802 File /var/www/html/passwordmanager/env/lib/python3.8/site-packages/rest_framework/utils/serializer_helpers.py first seen with mtime 1628431825.8548732
2021-09-10 12:41:35,802 File /usr/lib/python3.8/functools.py first seen with mtime 1622630955.0
2021-09-10 12:41:35,803 File /usr/lib/python3.8/asyncio/selector_events.py first seen with mtime 1622630955.0
2021-09-10 12:41:35,803 File /usr/lib/python3.8/email/mime/multipart.py first seen with mtime 1622630955.0
2021-09-10 12:41:35,803 File /usr/lib/python3.8/email/_policybase.py first seen with mtime 1622630955.0
2021-09-10 12:41:35,803 File /usr/lib/python3.8/uu.py first seen with mtime 1622630955.0
2021-09-10 12:41:35,803 File /var/www/html/passwordmanager/env/lib/python3.8/site-packages/django/contrib/auth/tokens.py first seen with mtime 1629009988.203393
2021-09-10 12:41:35,803 File /usr/lib/python3.8/unittest/runner.py first seen with mtime 1622630955.0
2021-09-10 12:41:35,803 File /usr/lib/python3.8/logging/handlers.py first seen with mtime 1622630955.0
2021-09-10 12:41:35,803 File /usr/lib/python3.8/enum.py first seen with mtime 1622630955.0
2021-09-10 12:41:35,803 File /usr/lib/python3.8/bisect.py first seen with mtime 1622630955.0
2021-09-10 12:41:35,803 File /var/www/html/passwordmanager/env/lib/python3.8/site-packages/django/urls/__init__.py first seen with mtime 1629009988.4433892
2021-09-10 12:41:35,804 File /usr/lib/python3.8/lib-dynload/_opcode.cpython-38-x86_64-linux-gnu.so first seen with mtime 1622630955.0
2021-09-10 12:41:35,804 File /var/www/html/passwordmanager/env/lib/python3.8/site-packages/django/views/generic/list.py first seen with mtime 1629009988.4513888
2021-09-10 12:41:35,804 File /var/www/html/passwordmanager/env/lib/python3.8/site-packages/django/utils/log.py first seen with mtime 1629009988.4473891
2021-09-10 12:41:35,804 File /var/www/html/passwordmanager/env/lib/python3.8/site-packages/django/db/migrations/operations/models.py first seen with mtime 1629009988.4273894
2021-09-10 12:41:35,804 File /usr/lib/python3.8/socketserver.py first seen with mtime 1622630955.0
2021-09-10 12:41:35,804 File /var/www/html/passwordmanager/env/lib/python3.8/site-packages/django/contrib/auth/admin.py first seen with mtime 1629009988.203393
2021-09-10 12:41:35,804 File /var/www/html/passwordmanager/env/lib/python3.8/site-packages/rest_framework/request.py first seen with mtime 1628431825.8188696
2021-09-10 12:41:35,804 File /usr/lib/python3.8/selectors.py first seen with mtime 1622630955.0
2021-09-10 12:41:35,804 File /usr/lib/python3.8/email/headerregistry.py first seen with mtime 1622630955.0
2021-09-10 12:41:35,804 File /usr/lib/python3.8/socket.py first seen with mtime 1622630955.0
2021-09-10 12:41:35,805 File /usr/lib/python3.8/reprlib.py first seen with mtime 1622630955.0
2021-09-10 12:41:35,805 File /var/www/html/passwordmanager/env/lib/python3.8/site-packages/cryptography/__init__.py first seen with mtime 1628946887.6958194
2021-09-10 12:41:35,805 File /var/www/html/passwordmanager/env/lib/python3.8/site-packages/django/core/handlers/exception.py first seen with mtime 1629009988.4113896
2021-09-10 12:41:35,805 File /usr/lib/python3.8/unittest/result.py first seen with mtime 1622630955.0
2021-09-10 12:41:35,805 File /usr/lib/python3.8/weakref.py first seen with mtime 1622630955.0
2021-09-10 12:41:35,805 File /usr/lib/python3.8/json/__init__.py first seen with mtime 1622630955.0
2021-09-10 12:41:35,805 File /usr/lib/python3.8/asyncio/sslproto.py first seen with mtime 1622630955.0
2021-09-10 12:41:35,805 File /var/www/html/passwordmanager/env/lib/python3.8/site-packages/django/core/signing.py first seen with mtime 1629009988.4113896
2021-09-10 12:41:35,805 File /var/www/html/passwordmanager/env/lib/python3.8/site-packages/django/db/models/sql/datastructures.py first seen with mtime 1629009988.4313893
2021-09-10 12:41:35,805 File /var/www/html/passwordmanager/env/lib/python3.8/site-packages/django/template/autoreload.py first seen with mtime 1629009988.4393892
2021-09-10 12:41:35,805 File /var/www/html/passwordmanager/env/lib/python3.8/site-packages/django/templatetags/i18n.py first seen with mtime 1629009988.4433892
2021-09-10 12:41:35,806 File /usr/lib/python3.8/quopri.py first seen with mtime 1622630955.0
2021-09-10 12:41:35,806 File /var/www/html/passwordmanager/env/lib/python3.8/site-packages/django/conf/locale/__init__.py first seen with mtime 1629009988.0433958
2021-09-10 12:41:35,806 File /var/www/html/passwordmanager/env/lib/python3.8/site-packages/django/db/models/sql/query.py first seen with mtime 1629009988.4313893
2021-09-10 12:41:35,806 File /var/www/html/passwordmanager/env/lib/python3.8/site-packages/rest_framework/fields.py first seen with mtime 1628431825.8188696
2021-09-10 12:41:35,806 File /var/www/html/passwordmanager/env/lib/python3.8/site-packages/django/db/backends/sqlite3/introspection.py first seen with mtime 1629009988.4233894
2021-09-10 12:41:35,806 File /var/www/html/passwordmanager/env/lib/python3.8/site-packages/django/views/decorators/csrf.py first seen with mtime 1629009988.4513888
2021-09-10 12:41:35,806 File /var/www/html/passwordmanager/env/lib/python3.8/site-packages/django/db/models/fields/mixins.py first seen with mtime 1629009988.4313893
2021-09-10 12:41:35,806 File /var/www/html/passwordmanager/env/lib/python3.8/site-packages/django/urls/exceptions.py first seen with mtime 1629009988.4473891
2021-09-10 12:41:35,806 File /var/www/html/passwordmanager/env/lib/python3.8/site-packages/django/urls/resolvers.py first seen with mtime 1629009988.4473891
2021-09-10 12:41:35,806 File /var/www/html/passwordmanager/env/lib/python3.8/site-packages/django/core/handlers/__init__.py first seen with mtime 1629009988.4113896
2021-09-10 12:41:35,806 File /var/www/html/passwordmanager/env/lib/python3.8/site-packages/django/forms/widgets.py first seen with mtime 1629009988.4353893
2021-09-10 12:41:35,806 File /var/www/html/passwordmanager/env/lib/python3.8/site-packages/django/contrib/sessions/models.py first seen with mtime 1629009988.3713903
2021-09-10 12:41:35,807 File /var/www/html/passwordmanager/env/lib/python3.8/site-packages/django/contrib/contenttypes/views.py first seen with mtime 1629009988.2313926
2021-09-10 12:41:35,807 File /usr/lib/python3.8/importlib/util.py first seen with mtime 1622630955.0
2021-09-10 12:41:35,807 File /usr/lib/python3.8/xml/dom/__init__.py first seen with mtime 1622630955.0
2021-09-10 12:41:35,807 File /var/www/html/passwordmanager/env/lib/python3.8/site-packages/django/core/files/uploadhandler.py first seen with mtime 1629009988.4113896
2021-09-10 12:41:35,807 File /var/www/html/passwordmanager/env/lib/python3.8/site-packages/django/db/migrations/operations/base.py first seen with mtime 1629009988.4273894
2021-09-10 12:41:35,807 File /usr/lib/python3.8/signal.py first seen with mtime 1622630955.0
2021-09-10 12:41:35,807 File /var/www/html/passwordmanager/env/lib/python3.8/site-packages/django/conf/urls/__init__.py first seen with mtime 1629009988.1033947
2021-09-10 12:41:35,807 File /var/www/html/passwordmanager/env/lib/python3.8/site-packages/django/dispatch/__init__.py first seen with mtime 1629009988.4313893
2021-09-10 12:41:35,807 File /var/www/html/passwordmanager/env/lib/python3.8/site-packages/django/template/loader.py first seen with mtime 1629009988.4393892
2021-09-10 12:41:35,807 File /usr/lib/python3.8/glob.py first seen with mtime 1622630955.0
2021-09-10 12:41:35,807 File /var/www/html/passwordmanager/env/lib/python3.8/site-packages/django/core/checks/translation.py first seen with mtime 1629009988.4113896
2021-09-10 12:41:35,807 File /var/www/html/passwordmanager/env/lib/python3.8/site-packages/cryptography/hazmat/primitives/hashes.py first seen with mtime 1628946887.6958194
2021-09-10 12:41:35,808 File /var/www/html/passwordmanager/env/lib/python3.8/site-packages/rest_framework/utils/__init__.py first seen with mtime 1628431825.8548732
2021-09-10 12:41:35,808 File /var/www/html/passwordmanager/env/lib/python3.8/site-packages/django/utils/translation/trans_real.py first seen with mtime 1629009988.4513888
2021-09-10 12:41:35,808 File /var/www/html/passwordmanager/env/lib/python3.8/site-packages/cryptography/hazmat/__init__.py first seen with mtime 1628946887.6958194
2021-09-10 12:41:35,808 File /var/www/html/passwordmanager/env/lib/python3.8/site-packages/django/contrib/staticfiles/utils.py first seen with mtime 1629009988.4073896
2021-09-10 12:41:35,808 File /usr/lib/python3.8/sre_constants.py first seen with mtime 1622630955.0
2021-09-10 12:41:35,808 File /usr/lib/python3.8/asyncio/trsock.py first seen with mtime 1622630955.0
2021-09-10 12:41:35,808 File /var/www/html/passwordmanager/env/lib/python3.8/site-packages/cryptography/hazmat/bindings/__init__.py first seen with mtime 1628946887.7398229
2021-09-10 12:41:35,808 File /usr/lib/python3.8/asyncio/format_helpers.py first seen with mtime 1622630955.0
2021-09-10 12:41:35,808 File /var/www/html/passwordmanager/env/lib/python3.8/site-packages/django/contrib/admindocs/views.py first seen with mtime 1629009988.1793935
2021-09-10 12:41:35,808 File /var/www/html/passwordmanager/env/lib/python3.8/site-packages/django/db/models/fields/proxy.py first seen with mtime 1629009988.4313893
2021-09-10 12:41:35,808 File /var/www/html/passwordmanager/env/lib/python3.8/site-packages/django/db/backends/signals.py first seen with mtime 1629009988.4193895
2021-09-10 12:41:35,808 File /etc/python3.8/sitecustomize.py first seen with mtime 1584094456.0
2021-09-10 12:41:35,809 File /var/www/html/passwordmanager/env/lib/python3.8/site-packages/django/contrib/auth/base_user.py first seen with mtime 1629009988.203393
2021-09-10 12:41:35,809 File /usr/lib/python3.8/lib-dynload/termios.cpython-38-x86_64-linux-gnu.so first seen with mtime 1622630955.0
2021-09-10 12:41:35,809 File /var/www/html/passwordmanager/env/lib/python3.8/site-packages/django/db/models/fields/related.py first seen with mtime 1629009988.4313893
2021-09-10 12:41:35,809 File /usr/lib/python3.8/urllib/error.py first seen with mtime 1622630955.0
2021-09-10 12:41:35,809 File /var/www/html/passwordmanager/env/lib/python3.8/site-packages/django/contrib/auth/management/__init__.py first seen with mtime 1629009988.2273927
2021-09-10 12:41:35,809 File /usr/lib/python3.8/email/encoders.py first seen with mtime 1622630955.0
2021-09-10 12:41:35,809 File /var/www/html/passwordmanager/env/lib/python3.8/site-packages/django/core/checks/security/sessions.py first seen with mtime 1629009988.4113896
2021-09-10 12:41:35,809 File /usr/lib/python3.8/asyncio/__init__.py first seen with mtime 1622630955.0
2021-09-10 12:41:35,809 File /usr/lib/python3.8/http/cookies.py first seen with mtime 1622630955.0
2021-09-10 12:41:35,809 File /usr/lib/python3.8/types.py first seen with mtime 1622630955.0
2021-09-10 12:41:35,809 File /usr/lib/python3.8/encodings/__init__.py first seen with mtime 1622630955.0
2021-09-10 12:41:35,810 File /var/www/html/passwordmanager/env/lib/python3.8/site-packages/rest_framework/templates/rest_framework first seen with mtime 1628431825.9788847
2021-09-10 12:41:35,810 File /var/www/html/passwordmanager/env/lib/python3.8/site-packages/rest_framework/templates/rest_framework/login.html first seen with mtime 1628431825.8468723
2021-09-10 12:41:35,810 File /var/www/html/passwordmanager/env/lib/python3.8/site-packages/rest_framework/templates/rest_framework/admin.html first seen with mtime 1628431825.8468723
2021-09-10 12:41:35,810 File /var/www/html/passwordmanager/env/lib/python3.8/site-packages/rest_framework/templates/rest_framework/vertical first seen with mtime 1628431825.9748843
2021-09-10 12:41:35,810 File /var/www/html/passwordmanager/env/lib/python3.8/site-packages/rest_framework/templates/rest_framework/admin first seen with mtime 1628431825.9748843
2021-09-10 12:41:35,810 File /var/www/html/passwordmanager/env/lib/python3.8/site-packages/rest_framework/templates/rest_framework/api.html first seen with mtime 1628431825.8468723
2021-09-10 12:41:35,810 File /var/www/html/passwordmanager/env/lib/python3.8/site-packages/rest_framework/templates/rest_framework/filters first seen with mtime 1628431825.9748843
2021-09-10 12:41:35,811 File /var/www/html/passwordmanager/env/lib/python3.8/site-packages/rest_framework/templates/rest_framework/schema.js first seen with mtime 1628431825.8468723
2021-09-10 12:41:35,811 File /var/www/html/passwordmanager/env/lib/python3.8/site-packages/rest_framework/templates/rest_framework/base.html first seen with mtime 1628431825.8468723
2021-09-10 12:41:35,811 File /var/www/html/passwordmanager/env/lib/python3.8/site-packages/rest_framework/templates/rest_framework/horizontal first seen with mtime 1628431825.9748843
2021-09-10 12:41:35,811 File /var/www/html/passwordmanager/env/lib/python3.8/site-packages/rest_framework/templates/rest_framework/pagination first seen with mtime 1628431825.9748843
2021-09-10 12:41:35,811 File /var/www/html/passwordmanager/env/lib/python3.8/site-packages/rest_framework/templates/rest_framework/docs first seen with mtime 1628431825.9788847
2021-09-10 12:41:35,811 File /var/www/html/passwordmanager/env/lib/python3.8/site-packages/rest_framework/templates/rest_framework/login_base.html first seen with mtime 1628431825.8468723
2021-09-10 12:41:35,811 File /var/www/html/passwordmanager/env/lib/python3.8/site-packages/rest_framework/templates/rest_framework/inline first seen with mtime 1628431825.9788847
2021-09-10 12:41:35,811 File /var/www/html/passwordmanager/env/lib/python3.8/site-packages/rest_framework/templates/rest_framework/raw_data_form.html first seen with mtime 1628431825.8468723
2021-09-10 12:41:35,812 File /var/www/html/passwordmanager/env/lib/python3.8/site-packages/rest_framework/templates/rest_framework/vertical/checkbox.html first seen with mtime 1628431825.8508728
2021-09-10 12:41:35,812 File /var/www/html/passwordmanager/env/lib/python3.8/site-packages/rest_framework/templates/rest_framework/vertical/dict_field.html first seen with mtime 1628431825.8508728
2021-09-10 12:41:35,812 File /var/www/html/passwordmanager/env/lib/python3.8/site-packages/rest_framework/templates/rest_framework/vertical/radio.html first seen with mtime 1628431825.8548732
2021-09-10 12:41:35,812 File /var/www/html/passwordmanager/env/lib/python3.8/site-packages/rest_framework/templates/rest_framework/vertical/list_fieldset.html first seen with mtime 1628431825.8548732
2021-09-10 12:41:35,812 File /var/www/html/passwordmanager/env/lib/python3.8/site-packages/rest_framework/templates/rest_framework/vertical/form.html first seen with mtime 1628431825.8508728
2021-09-10 12:41:35,812 File /var/www/html/passwordmanager/env/lib/python3.8/site-packages/rest_framework/templates/rest_framework/vertical/select_multiple.html first seen with mtime 1628431825.8548732
2021-09-10 12:41:35,812 File /var/www/html/passwordmanager/env/lib/python3.8/site-packages/rest_framework/templates/rest_framework/vertical/input.html first seen with mtime 1628431825.8548732
2021-09-10 12:41:35,812 File /var/www/html/passwordmanager/env/lib/python3.8/site-packages/rest_framework/templates/rest_framework/vertical/textarea.html first seen with mtime 1628431825.8548732
2021-09-10 12:41:35,812 File /var/www/html/passwordmanager/env/lib/python3.8/site-packages/rest_framework/templates/rest_framework/vertical/select.html first seen with mtime 1628431825.8548732
2021-09-10 12:41:35,813 File /var/www/html/passwordmanager/env/lib/python3.8/site-packages/rest_framework/templates/rest_framework/vertical/checkbox_multiple.html first seen with mtime 1628431825.8508728
2021-09-10 12:41:35,813 File /var/www/html/passwordmanager/env/lib/python3.8/site-packages/rest_framework/templates/rest_framework/vertical/list_field.html first seen with mtime 1628431825.8548732
2021-09-10 12:41:35,813 File /var/www/html/passwordmanager/env/lib/python3.8/site-packages/rest_framework/templates/rest_framework/vertical/fieldset.html first seen with mtime 1628431825.8508728
2021-09-10 12:41:35,813 File /var/www/html/passwordmanager/env/lib/python3.8/site-packages/rest_framework/templates/rest_framework/admin/simple_list_value.html first seen with mtime 1628431825.8468723
2021-09-10 12:41:35,813 File /var/www/html/passwordmanager/env/lib/python3.8/site-packages/rest_framework/templates/rest_framework/admin/list.html first seen with mtime 1628431825.8468723
2021-09-10 12:41:35,813 File /var/www/html/passwordmanager/env/lib/python3.8/site-packages/rest_framework/templates/rest_framework/admin/dict_value.html first seen with mtime 1628431825.8468723
2021-09-10 12:41:35,813 File /var/www/html/passwordmanager/env/lib/python3.8/site-packages/rest_framework/templates/rest_framework/admin/detail.html first seen with mtime 1628431825.8468723
2021-09-10 12:41:35,813 File /var/www/html/passwordmanager/env/lib/python3.8/site-packages/rest_framework/templates/rest_framework/admin/list_value.html first seen with mtime 1628431825.8468723
2021-09-10 12:41:35,814 File /var/www/html/passwordmanager/env/lib/python3.8/site-packages/rest_framework/templates/rest_framework/filters/base.html first seen with mtime 1628431825.8508728
2021-09-10 12:41:35,814 File /var/www/html/passwordmanager/env/lib/python3.8/site-packages/rest_framework/templates/rest_framework/filters/ordering.html first seen with mtime 1628431825.8508728
2021-09-10 12:41:35,814 File /var/www/html/passwordmanager/env/lib/python3.8/site-packages/rest_framework/templates/rest_framework/filters/search.html first seen with mtime 1628431825.8508728
2021-09-10 12:41:35,814 File /var/www/html/passwordmanager/env/lib/python3.8/site-packages/rest_framework/templates/rest_framework/horizontal/checkbox.html first seen with mtime 1628431825.8508728
2021-09-10 12:41:35,814 File /var/www/html/passwordmanager/env/lib/python3.8/site-packages/rest_framework/templates/rest_framework/horizontal/dict_field.html first seen with mtime 1628431825.8508728
2021-09-10 12:41:35,814 File /var/www/html/passwordmanager/env/lib/python3.8/site-packages/rest_framework/templates/rest_framework/horizontal/radio.html first seen with mtime 1628431825.8508728
2021-09-10 12:41:35,814 File /var/www/html/passwordmanager/env/lib/python3.8/site-packages/rest_framework/templates/rest_framework/horizontal/list_fieldset.html first seen with mtime 1628431825.8508728
2021-09-10 12:41:35,815 File /var/www/html/passwordmanager/env/lib/python3.8/site-packages/rest_framework/templates/rest_framework/horizontal/form.html first seen with mtime 1628431825.8508728
2021-09-10 12:41:35,815 File /var/www/html/passwordmanager/env/lib/python3.8/site-packages/rest_framework/templates/rest_framework/horizontal/select_multiple.html first seen with mtime 1628431825.8508728
2021-09-10 12:41:35,815 File /var/www/html/passwordmanager/env/lib/python3.8/site-packages/rest_framework/templates/rest_framework/horizontal/input.html first seen with mtime 1628431825.8508728
2021-09-10 12:41:35,815 File /var/www/html/passwordmanager/env/lib/python3.8/site-packages/rest_framework/templates/rest_framework/horizontal/textarea.html first seen with mtime 1628431825.8508728
2021-09-10 12:41:35,815 File /var/www/html/passwordmanager/env/lib/python3.8/site-packages/rest_framework/templates/rest_framework/horizontal/select.html first seen with mtime 1628431825.8508728
2021-09-10 12:41:35,815 File /var/www/html/passwordmanager/env/lib/python3.8/site-packages/rest_framework/templates/rest_framework/horizontal/checkbox_multiple.html first seen with mtime 1628431825.8508728
2021-09-10 12:41:35,815 File /var/www/html/passwordmanager/env/lib/python3.8/site-packages/rest_framework/templates/rest_framework/horizontal/list_field.html first seen with mtime 1628431825.8508728
2021-09-10 12:41:35,816 File /var/www/html/passwordmanager/env/lib/python3.8/site-packages/rest_framework/templates/rest_framework/horizontal/fieldset.html first seen with mtime 1628431825.8508728
2021-09-10 12:41:35,816 File /var/www/html/passwordmanager/env/lib/python3.8/site-packages/rest_framework/templates/rest_framework/pagination/numbers.html first seen with mtime 1628431825.8508728
2021-09-10 12:41:35,816 File /var/www/html/passwordmanager/env/lib/python3.8/site-packages/rest_framework/templates/rest_framework/pagination/previous_and_next.html first seen with mtime 1628431825.8508728
2021-09-10 12:41:35,816 File /var/www/html/passwordmanager/env/lib/python3.8/site-packages/rest_framework/templates/rest_framework/docs/error.html first seen with mtime 1628431825.8468723
2021-09-10 12:41:35,816 File /var/www/html/passwordmanager/env/lib/python3.8/site-packages/rest_framework/templates/rest_framework/docs/langs first seen with mtime 1628431825.9788847
2021-09-10 12:41:35,816 File /var/www/html/passwordmanager/env/lib/python3.8/site-packages/rest_framework/templates/rest_framework/docs/interact.html first seen with mtime 1628431825.8468723
2021-09-10 12:41:35,816 File /var/www/html/passwordmanager/env/lib/python3.8/site-packages/rest_framework/templates/rest_framework/docs/index.html first seen with mtime 1628431825.8468723
2021-09-10 12:41:35,817 File /var/www/html/passwordmanager/env/lib/python3.8/site-packages/rest_framework/templates/rest_framework/docs/sidebar.html first seen with mtime 1628431825.8468723
2021-09-10 12:41:35,817 File /var/www/html/passwordmanager/env/lib/python3.8/site-packages/rest_framework/templates/rest_framework/docs/link.html first seen with mtime 1628431825.8468723
2021-09-10 12:41:35,817 File /var/www/html/passwordmanager/env/lib/python3.8/site-packages/rest_framework/templates/rest_framework/docs/document.html first seen with mtime 1628431825.8468723
2021-09-10 12:41:35,817 File /var/www/html/passwordmanager/env/lib/python3.8/site-packages/rest_framework/templates/rest_framework/docs/auth first seen with mtime 1628431825.9788847
2021-09-10 12:41:35,817 File /var/www/html/passwordmanager/env/lib/python3.8/site-packages/rest_framework/templates/rest_framework/docs/langs/javascript.html first seen with mtime 1628431825.8508728
2021-09-10 12:41:35,817 File /var/www/html/passwordmanager/env/lib/python3.8/site-packages/rest_framework/templates/rest_framework/docs/langs/shell-intro.html first seen with mtime 1628431825.8508728
2021-09-10 12:41:35,817 File /var/www/html/passwordmanager/env/lib/python3.8/site-packages/rest_framework/templates/rest_framework/docs/langs/python.html first seen with mtime 1628431825.8508728
2021-09-10 12:41:35,817 File /var/www/html/passwordmanager/env/lib/python3.8/site-packages/rest_framework/templates/rest_framework/docs/langs/python-intro.html first seen with mtime 1628431825.8508728
2021-09-10 12:41:35,818 File /var/www/html/passwordmanager/env/lib/python3.8/site-packages/rest_framework/templates/rest_framework/docs/langs/javascript-intro.html first seen with mtime 1628431825.8468723
2021-09-10 12:41:35,818 File /var/www/html/passwordmanager/env/lib/python3.8/site-packages/rest_framework/templates/rest_framework/docs/langs/shell.html first seen with mtime 1628431825.8508728
2021-09-10 12:41:35,818 File /var/www/html/passwordmanager/env/lib/python3.8/site-packages/rest_framework/templates/rest_framework/docs/auth/session.html first seen with mtime 1628431825.8468723
2021-09-10 12:41:35,818 File /var/www/html/passwordmanager/env/lib/python3.8/site-packages/rest_framework/templates/rest_framework/docs/auth/token.html first seen with mtime 1628431825.8468723
2021-09-10 12:41:35,818 File /var/www/html/passwordmanager/env/lib/python3.8/site-packages/rest_framework/templates/rest_framework/docs/auth/basic.html first seen with mtime 1628431825.8468723
2021-09-10 12:41:35,818 File /var/www/html/passwordmanager/env/lib/python3.8/site-packages/rest_framework/templates/rest_framework/inline/checkbox.html first seen with mtime 1628431825.8508728
2021-09-10 12:41:35,818 File /var/www/html/passwordmanager/env/lib/python3.8/site-packages/rest_framework/templates/rest_framework/inline/dict_field.html first seen with mtime 1628431825.8508728
2021-09-10 12:41:35,818 File /var/www/html/passwordmanager/env/lib/python3.8/site-packages/rest_framework/templates/rest_framework/inline/radio.html first seen with mtime 1628431825.8508728
2021-09-10 12:41:35,819 File /var/www/html/passwordmanager/env/lib/python3.8/site-packages/rest_framework/templates/rest_framework/inline/list_fieldset.html first seen with mtime 1628431825.8508728
2021-09-10 12:41:35,819 File /var/www/html/passwordmanager/env/lib/python3.8/site-packages/rest_framework/templates/rest_framework/inline/form.html first seen with mtime 1628431825.8508728
2021-09-10 12:41:35,819 File /var/www/html/passwordmanager/env/lib/python3.8/site-packages/rest_framework/templates/rest_framework/inline/select_multiple.html first seen with mtime 1628431825.8508728
2021-09-10 12:41:35,819 File /var/www/html/passwordmanager/env/lib/python3.8/site-packages/rest_framework/templates/rest_framework/inline/input.html first seen with mtime 1628431825.8508728
2021-09-10 12:41:35,819 File /var/www/html/passwordmanager/env/lib/python3.8/site-packages/rest_framework/templates/rest_framework/inline/textarea.html first seen with mtime 1628431825.8508728
2021-09-10 12:41:35,819 File /var/www/html/passwordmanager/env/lib/python3.8/site-packages/rest_framework/templates/rest_framework/inline/select.html first seen with mtime 1628431825.8508728
2021-09-10 12:41:35,819 File /var/www/html/passwordmanager/env/lib/python3.8/site-packages/rest_framework/templates/rest_framework/inline/checkbox_multiple.html first seen with mtime 1628431825.8508728
2021-09-10 12:41:35,820 File /var/www/html/passwordmanager/env/lib/python3.8/site-packages/rest_framework/templates/rest_framework/inline/list_field.html first seen with mtime 1628431825.8508728
2021-09-10 12:41:35,820 File /var/www/html/passwordmanager/env/lib/python3.8/site-packages/rest_framework/templates/rest_framework/inline/fieldset.html first seen with mtime 1628431825.8508728
2021-09-10 12:41:35,820 File /var/www/html/passwordmanager/env/lib/python3.8/site-packages/rest_framework/locale/it/LC_MESSAGES/django.mo first seen with mtime 1628431825.8268704
2021-09-10 12:41:35,821 File /var/www/html/passwordmanager/env/lib/python3.8/site-packages/rest_framework/locale/fa/LC_MESSAGES/django.mo first seen with mtime 1628431825.82287
2021-09-10 12:41:35,821 File /var/www/html/passwordmanager/env/lib/python3.8/site-packages/rest_framework/locale/ar/LC_MESSAGES/django.mo first seen with mtime 1628431825.82287
2021-09-10 12:41:35,821 File /var/www/html/passwordmanager/env/lib/python3.8/site-packages/rest_framework/locale/nb/LC_MESSAGES/django.mo first seen with mtime 1628431825.8268704
2021-09-10 12:41:35,821 File /var/www/html/passwordmanager/env/lib/python3.8/site-packages/rest_framework/locale/pl/LC_MESSAGES/django.mo first seen with mtime 1628431825.8268704
2021-09-10 12:41:35,821 File /var/www/html/passwordmanager/env/lib/python3.8/site-packages/rest_framework/locale/hy/LC_MESSAGES/django.mo first seen with mtime 1628431825.8268704
2021-09-10 12:41:35,822 File /var/www/html/passwordmanager/env/lib/python3.8/site-packages/rest_framework/locale/mk/LC_MESSAGES/django.mo first seen with mtime 1628431825.8268704
2021-09-10 12:41:35,822 File /var/www/html/passwordmanager/env/lib/python3.8/site-packages/rest_framework/locale/fr/LC_MESSAGES/django.mo first seen with mtime 1628431825.8268704
2021-09-10 12:41:35,822 File /var/www/html/passwordmanager/env/lib/python3.8/site-packages/rest_framework/locale/nl/LC_MESSAGES/django.mo first seen with mtime 1628431825.8268704
2021-09-10 12:41:35,822 File /var/www/html/passwordmanager/env/lib/python3.8/site-packages/rest_framework/locale/en_AU/LC_MESSAGES/django.mo first seen with mtime 1628431825.82287
2021-09-10 12:41:35,822 File /var/www/html/passwordmanager/env/lib/python3.8/site-packages/rest_framework/locale/nn/LC_MESSAGES/django.mo first seen with mtime 1628431825.8268704
2021-09-10 12:41:35,823 File /var/www/html/passwordmanager/env/lib/python3.8/site-packages/rest_framework/locale/fa_IR/LC_MESSAGES/django.mo first seen with mtime 1628431825.8268704
2021-09-10 12:41:35,823 File /var/www/html/passwordmanager/env/lib/python3.8/site-packages/rest_framework/locale/ru_RU/LC_MESSAGES/django.mo first seen with mtime 1628431825.8308709
2021-09-10 12:41:35,823 File /var/www/html/passwordmanager/env/lib/python3.8/site-packages/rest_framework/locale/es/LC_MESSAGES/django.mo first seen with mtime 1628431825.82287
2021-09-10 12:41:35,823 File /var/www/html/passwordmanager/env/lib/python3.8/site-packages/rest_framework/locale/pt_BR/LC_MESSAGES/django.mo first seen with mtime 1628431825.8308709
2021-09-10 12:41:35,823 File /var/www/html/passwordmanager/env/lib/python3.8/site-packages/rest_framework/locale/gl_ES/LC_MESSAGES/django.mo first seen with mtime 1628431825.8268704
2021-09-10 12:41:35,824 File /var/www/html/passwordmanager/env/lib/python3.8/site-packages/rest_framework/locale/ca_ES/LC_MESSAGES/django.mo first seen with mtime 1628431825.82287
2021-09-10 12:41:35,824 File /var/www/html/passwordmanager/env/lib/python3.8/site-packages/rest_framework/locale/gl/LC_MESSAGES/django.mo first seen with mtime 1628431825.8268704
2021-09-10 12:41:35,824 File /var/www/html/passwordmanager/env/lib/python3.8/site-packages/rest_framework/locale/bg/LC_MESSAGES/django.mo first seen with mtime 1628431825.82287
2021-09-10 12:41:35,824 File /var/www/html/passwordmanager/env/lib/python3.8/site-packages/rest_framework/locale/uk/LC_MESSAGES/django.mo first seen with mtime 1628431825.8308709
2021-09-10 12:41:35,824 File /var/www/html/passwordmanager/env/lib/python3.8/site-packages/rest_framework/locale/fi/LC_MESSAGES/django.mo first seen with mtime 1628431825.8268704
2021-09-10 12:41:35,825 File /var/www/html/passwordmanager/env/lib/python3.8/site-packages/rest_framework/locale/fr_CA/LC_MESSAGES/django.mo first seen with mtime 1628431825.8268704
2021-09-10 12:41:35,825 File /var/www/html/passwordmanager/env/lib/python3.8/site-packages/rest_framework/locale/ko_KR/LC_MESSAGES/django.mo first seen with mtime 1628431825.8268704
2021-09-10 12:41:35,825 File /var/www/html/passwordmanager/env/lib/python3.8/site-packages/rest_framework/locale/ca/LC_MESSAGES/django.mo first seen with mtime 1628431825.82287
2021-09-10 12:41:35,825 File /var/www/html/passwordmanager/env/lib/python3.8/site-packages/rest_framework/locale/lv/LC_MESSAGES/django.mo first seen with mtime 1628431825.8268704
2021-09-10 12:41:35,826 File /var/www/html/passwordmanager/env/lib/python3.8/site-packages/rest_framework/locale/el/LC_MESSAGES/django.mo first seen with mtime 1628431825.82287
2021-09-10 12:41:35,826 File /var/www/html/passwordmanager/env/lib/python3.8/site-packages/rest_framework/locale/ne_NP/LC_MESSAGES/django.mo first seen with mtime 1628431825.8268704
2021-09-10 12:41:35,826 File /var/www/html/passwordmanager/env/lib/python3.8/site-packages/rest_framework/locale/el_GR/LC_MESSAGES/django.mo first seen with mtime 1628431825.82287
2021-09-10 12:41:35,826 File /var/www/html/passwordmanager/env/lib/python3.8/site-packages/rest_framework/locale/he_IL/LC_MESSAGES/django.mo first seen with mtime 1628431825.8268704
2021-09-10 12:41:35,826 File /var/www/html/passwordmanager/env/lib/python3.8/site-packages/rest_framework/locale/tr/LC_MESSAGES/django.mo first seen with mtime 1628431825.8308709
2021-09-10 12:41:35,827 File /var/www/html/passwordmanager/env/lib/python3.8/site-packages/rest_framework/locale/sv/LC_MESSAGES/django.mo first seen with mtime 1628431825.8308709
2021-09-10 12:41:35,827 File /var/www/html/passwordmanager/env/lib/python3.8/site-packages/rest_framework/locale/az/LC_MESSAGES/django.mo first seen with mtime 1628431825.82287
2021-09-10 12:41:35,827 File /var/www/html/passwordmanager/env/lib/python3.8/site-packages/rest_framework/locale/ro/LC_MESSAGES/django.mo first seen with mtime 1628431825.8308709
2021-09-10 12:41:35,827 File /var/www/html/passwordmanager/env/lib/python3.8/site-packages/rest_framework/locale/de/LC_MESSAGES/django.mo first seen with mtime 1628431825.82287
2021-09-10 12:41:35,828 File /var/www/html/passwordmanager/env/lib/python3.8/site-packages/rest_framework/locale/zh_TW/LC_MESSAGES/django.mo first seen with mtime 1628431825.8348713
2021-09-10 12:41:35,828 File /var/www/html/passwordmanager/env/lib/python3.8/site-packages/rest_framework/locale/da/LC_MESSAGES/django.mo first seen with mtime 1628431825.82287
2021-09-10 12:41:35,828 File /var/www/html/passwordmanager/env/lib/python3.8/site-packages/rest_framework/locale/zh_Hant/LC_MESSAGES/django.mo first seen with mtime 1628431825.8348713
2021-09-10 12:41:35,828 File /var/www/html/passwordmanager/env/lib/python3.8/site-packages/rest_framework/locale/cs/LC_MESSAGES/django.mo first seen with mtime 1628431825.82287
2021-09-10 12:41:35,828 File /var/www/html/passwordmanager/env/lib/python3.8/site-packages/rest_framework/locale/be/LC_MESSAGES/django.mo first seen with mtime 1628431825.82287
2021-09-10 12:41:35,829 File /var/www/html/passwordmanager/env/lib/python3.8/site-packages/rest_framework/locale/sk/LC_MESSAGES/django.mo first seen with mtime 1628431825.8308709
2021-09-10 12:41:35,829 File /var/www/html/passwordmanager/env/lib/python3.8/site-packages/rest_framework/locale/hu/LC_MESSAGES/django.mo first seen with mtime 1628431825.8268704
2021-09-10 12:41:35,829 File /var/www/html/passwordmanager/env/lib/python3.8/site-packages/rest_framework/locale/id/LC_MESSAGES/django.mo first seen with mtime 1628431825.8268704
2021-09-10 12:41:35,829 File /var/www/html/passwordmanager/env/lib/python3.8/site-packages/rest_framework/locale/en/LC_MESSAGES/django.mo first seen with mtime 1628431825.82287
2021-09-10 12:41:35,829 File /var/www/html/passwordmanager/env/lib/python3.8/site-packages/rest_framework/locale/vi/LC_MESSAGES/django.mo first seen with mtime 1628431825.8308709
2021-09-10 12:41:35,830 File /var/www/html/passwordmanager/env/lib/python3.8/site-packages/rest_framework/locale/ru/LC_MESSAGES/django.mo first seen with mtime 1628431825.8308709
2021-09-10 12:41:35,830 File /var/www/html/passwordmanager/env/lib/python3.8/site-packages/rest_framework/locale/ach/LC_MESSAGES/django.mo first seen with mtime 1628431825.82287
2021-09-10 12:41:35,830 File /var/www/html/passwordmanager/env/lib/python3.8/site-packages/rest_framework/locale/tr_TR/LC_MESSAGES/django.mo first seen with mtime 1628431825.8308709
2021-09-10 12:41:35,830 File /var/www/html/passwordmanager/env/lib/python3.8/site-packages/rest_framework/locale/zh_CN/LC_MESSAGES/django.mo first seen with mtime 1628431825.8308709
2021-09-10 12:41:35,830 File /var/www/html/passwordmanager/env/lib/python3.8/site-packages/rest_framework/locale/lt/LC_MESSAGES/django.mo first seen with mtime 1628431825.8268704
2021-09-10 12:41:35,830 File /var/www/html/passwordmanager/env/lib/python3.8/site-packages/rest_framework/locale/pt/LC_MESSAGES/django.mo first seen with mtime 1628431825.8268704
2021-09-10 12:41:35,831 File /var/www/html/passwordmanager/env/lib/python3.8/site-packages/rest_framework/locale/et/LC_MESSAGES/django.mo first seen with mtime 1628431825.82287
2021-09-10 12:41:35,831 File /var/www/html/passwordmanager/env/lib/python3.8/site-packages/rest_framework/locale/ja/LC_MESSAGES/django.mo first seen with mtime 1628431825.8268704
2021-09-10 12:41:35,831 File /var/www/html/passwordmanager/env/lib/python3.8/site-packages/rest_framework/locale/zh_Hans/LC_MESSAGES/django.mo first seen with mtime 1628431825.8348713
2021-09-10 12:41:35,831 File /var/www/html/passwordmanager/env/lib/python3.8/site-packages/rest_framework/locale/no/LC_MESSAGES/django.mo first seen with mtime 1628431825.8268704
2021-09-10 12:41:35,832 File /var/www/html/passwordmanager/env/lib/python3.8/site-packages/rest_framework/locale/en_US/LC_MESSAGES/django.mo first seen with mtime 1628431825.82287
2021-09-10 12:41:35,832 File /var/www/html/passwordmanager/env/lib/python3.8/site-packages/rest_framework/locale/sl/LC_MESSAGES/django.mo first seen with mtime 1628431825.8308709
2021-09-10 12:41:35,832 File /var/www/html/passwordmanager/env/lib/python3.8/site-packages/rest_framework/locale/th/LC_MESSAGES/django.mo first seen with mtime 1628431825.8308709
2021-09-10 12:41:35,832 File /var/www/html/passwordmanager/env/lib/python3.8/site-packages/rest_framework/locale/en_CA/LC_MESSAGES/django.mo first seen with mtime 1628431825.82287
2021-09-10 12:41:35,832 File /var/www/html/passwordmanager/env/lib/python3.8/site-packages/rest_framework/locale/pt_PT/LC_MESSAGES/django.mo first seen with mtime 1628431825.8308709
2021-09-10 12:41:36,881 File /var/www/html/passwordmanager/env/lib/python3.8/site-packages/django/contrib/auth/migrations/0007_alter_validators_add_error_messages.py first seen with mtime 1629009988.2273927
2021-09-10 12:41:36,881 File /var/www/html/passwordmanager/env/lib/python3.8/site-packages/django/middleware/common.py first seen with mtime 1629009988.4393892
2021-09-10 12:41:36,882 File /var/www/html/passwordmanager/env/lib/python3.8/site-packages/django/contrib/contenttypes/migrations/__init__.py first seen with mtime 1629009988.2473924
2021-09-10 12:41:36,882 File /var/www/html/passwordmanager/env/lib/python3.8/site-packages/corsheaders/signals.py first seen with mtime 1628431832.4514637
2021-09-10 12:41:36,882 File /var/www/html/passwordmanager/env/lib/python3.8/site-packages/django/contrib/admin/migrations/0002_logentry_remove_auto_add.py first seen with mtime 1629009988.1593938
2021-09-10 12:41:36,882 File /var/www/html/passwordmanager/env/passwordmanagerapi/core/migrations/0001_initial.py first seen with mtime 1629016070.0167656
2021-09-10 12:41:36,883 File /var/www/html/passwordmanager/env/lib/python3.8/site-packages/django/contrib/auth/migrations/0006_require_contenttypes_0002.py first seen with mtime 1629009988.2273927
2021-09-10 12:41:36,883 File /var/www/html/passwordmanager/env/lib/python3.8/site-packages/django/db/migrations/graph.py first seen with mtime 1629009988.4233894
2021-09-10 12:41:36,884 File /var/www/html/passwordmanager/env/lib/python3.8/site-packages/django/contrib/auth/migrations/0008_alter_user_username_max_length.py first seen with mtime 1629009988.2273927
2021-09-10 12:41:36,884 File /var/www/html/passwordmanager/env/lib/python3.8/site-packages/django/contrib/auth/migrations/0003_alter_user_email_max_length.py first seen with mtime 1629009988.2273927
2021-09-10 12:41:36,885 File /var/www/html/passwordmanager/env/lib/python3.8/site-packages/django/contrib/sessions/migrations/__init__.py first seen with mtime 1629009988.3873901
2021-09-10 12:41:36,885 File /var/www/html/passwordmanager/env/lib/python3.8/site-packages/django/contrib/auth/migrations/0010_alter_group_name_max_length.py first seen with mtime 1629009988.2273927
2021-09-10 12:41:36,885 File /usr/lib/python3.8/encodings/idna.py first seen with mtime 1622630955.0
2021-09-10 12:41:36,885 File /var/www/html/passwordmanager/env/lib/python3.8/site-packages/django/contrib/auth/migrations/__init__.py first seen with mtime 1629009988.2273927
2021-09-10 12:41:36,886 File /var/www/html/passwordmanager/env/lib/python3.8/site-packages/django/contrib/auth/migrations/0012_alter_user_first_name_max_length.py first seen with mtime 1629009988.2273927
2021-09-10 12:41:36,886 File /var/www/html/passwordmanager/env/lib/python3.8/site-packages/django/contrib/admin/migrations/0001_initial.py first seen with mtime 1629009988.1593938
2021-09-10 12:41:36,886 File /var/www/html/passwordmanager/env/lib/python3.8/site-packages/corsheaders/middleware.py first seen with mtime 1628431832.4514637
2021-09-10 12:41:36,887 File /var/www/html/passwordmanager/env/lib/python3.8/site-packages/django/db/models/sql/compiler.py first seen with mtime 1629009988.4313893
2021-09-10 12:41:36,887 File /usr/lib/python3.8/stringprep.py first seen with mtime 1622630955.0
2021-09-10 12:41:36,888 File /var/www/html/passwordmanager/env/lib/python3.8/site-packages/django/contrib/admin/migrations/0003_logentry_add_action_flag_choices.py first seen with mtime 1629009988.1593938
2021-09-10 12:41:36,888 File /var/www/html/passwordmanager/env/lib/python3.8/site-packages/django/contrib/contenttypes/migrations/0001_initial.py first seen with mtime 1629009988.2473924
2021-09-10 12:41:36,888 File /var/www/html/passwordmanager/env/lib/python3.8/site-packages/django/contrib/sessions/exceptions.py first seen with mtime 1629009988.3713903
2021-09-10 12:41:36,889 File /var/www/html/passwordmanager/env/lib/python3.8/site-packages/django/db/migrations/recorder.py first seen with mtime 1629009988.4273894
2021-09-10 12:41:36,889 File /var/www/html/passwordmanager/env/lib/python3.8/site-packages/django/db/migrations/loader.py first seen with mtime 1629009988.4233894
2021-09-10 12:41:36,889 File /var/www/html/passwordmanager/env/lib/python3.8/site-packages/django/middleware/clickjacking.py first seen with mtime 1629009988.4393892
2021-09-10 12:41:36,889 File /var/www/html/passwordmanager/env/lib/python3.8/site-packages/django/contrib/auth/migrations/0011_update_proxy_permissions.py first seen with mtime 1629009988.2273927
2021-09-10 12:41:36,889 File /var/www/html/passwordmanager/env/passwordmanagerapi/passwordmanagerapi/wsgi.py first seen with mtime 1628431858.641436
2021-09-10 12:41:36,889 File /var/www/html/passwordmanager/env/lib/python3.8/site-packages/django/contrib/admin/migrations/__init__.py first seen with mtime 1629009988.1593938
2021-09-10 12:41:36,890 File /var/www/html/passwordmanager/env/lib/python3.8/site-packages/django/db/migrations/executor.py first seen with mtime 1629009988.4233894
2021-09-10 12:41:36,890 File /var/www/html/passwordmanager/env/passwordmanagerapi/core/migrations/__init__.py first seen with mtime 1628431874.6904287
2021-09-10 12:41:36,890 File /var/www/html/passwordmanager/env/lib/python3.8/site-packages/django/contrib/sessions/backends/base.py first seen with mtime 1629009988.3713903
2021-09-10 12:41:36,891 File /var/www/html/passwordmanager/env/lib/python3.8/site-packages/django/contrib/sessions/migrations/0001_initial.py first seen with mtime 1629009988.3873901
2021-09-10 12:41:36,891 File /var/www/html/passwordmanager/env/lib/python3.8/site-packages/django/contrib/auth/migrations/0001_initial.py first seen with mtime 1629009988.2273927
2021-09-10 12:41:36,891 File /var/www/html/passwordmanager/env/lib/python3.8/site-packages/django/contrib/sessions/backends/db.py first seen with mtime 1629009988.3713903
2021-09-10 12:41:36,892 File /var/www/html/passwordmanager/env/lib/python3.8/site-packages/django/contrib/messages/middleware.py first seen with mtime 1629009988.3353908
2021-09-10 12:41:36,892 File /var/www/html/passwordmanager/env/lib/python3.8/site-packages/django/contrib/auth/migrations/0009_alter_user_last_name_max_length.py first seen with mtime 1629009988.2273927
2021-09-10 12:41:36,892 File /var/www/html/passwordmanager/env/lib/python3.8/site-packages/django/contrib/auth/migrations/0005_alter_user_last_login_null.py first seen with mtime 1629009988.2273927
2021-09-10 12:41:36,892 File /var/www/html/passwordmanager/env/lib/python3.8/site-packages/django/contrib/contenttypes/migrations/0002_remove_content_type_name.py first seen with mtime 1629009988.2473924
2021-09-10 12:41:36,893 File /var/www/html/passwordmanager/env/lib/python3.8/site-packages/django/contrib/auth/migrations/0002_alter_permission_name_max_length.py first seen with mtime 1629009988.2273927
2021-09-10 12:41:36,894 File /var/www/html/passwordmanager/env/lib/python3.8/site-packages/django/contrib/auth/migrations/0004_alter_user_username_opts.py first seen with mtime 1629009988.2273927
2021-09-10 12:41:48,377 (0.001) SELECT "core_customerentity"."id", "core_customerentity"."username", "core_customerentity"."firstname", "core_customerentity"."lastname", "core_customerentity"."password_hash" FROM "core_customerentity" WHERE "core_customerentity"."username" = 'sufyankhotnew' LIMIT 21; args=('sufyankhotnew',)
2021-09-10 12:41:48,380 (0.000) SELECT "core_customercredentials"."id", "core_customercredentials"."for_website", "core_customercredentials"."website_username", "core_customercredentials"."salt_hash", "core_customercredentials"."customer_id_id" FROM "core_customercredentials" WHERE ("core_customercredentials"."customer_id_id" = 14 AND "core_customercredentials"."for_website" = 'reddit'); args=(14, 'reddit')
2021-09-10 12:41:48,382 (0.000) SELECT "core_customerkey"."id", "core_customerkey"."customer_id_id", "core_customerkey"."salt", "core_customerkey"."for_website", "core_customerkey"."website_username" FROM "core_customerkey" WHERE ("core_customerkey"."customer_id_id" = 14 AND "core_customerkey"."for_website" = 'reddit' AND "core_customerkey"."website_username" = 'sufyanreddit') LIMIT 21; args=(14, 'reddit', 'sufyanreddit')
2021-09-10 12:41:48,473 "POST /getwebsitecreds/ HTTP/1.1" 200 109
2021-09-10 12:41:49,198 File /var/www/html/passwordmanager/env/lib/python3.8/site-packages/cryptography/hazmat/bindings/openssl/binding.py first seen with mtime 1628946887.7478235
2021-09-10 12:41:49,199 File /var/www/html/passwordmanager/env/lib/python3.8/site-packages/django/contrib/messages/storage/session.py first seen with mtime 1629009988.3353908
2021-09-10 12:41:49,199 File /var/www/html/passwordmanager/env/lib/python3.8/site-packages/cryptography/hazmat/primitives/kdf/scrypt.py first seen with mtime 1628946887.6998196
2021-09-10 12:41:49,199 File /var/www/html/passwordmanager/env/lib/python3.8/site-packages/cryptography/hazmat/backends/openssl/x509.py first seen with mtime 1628946887.751824
2021-09-10 12:41:49,199 File /var/www/html/passwordmanager/env/lib/python3.8/site-packages/cryptography/hazmat/primitives/asymmetric/ed25519.py first seen with mtime 1628946887.6998196
2021-09-10 12:41:49,199 File /var/www/html/passwordmanager/env/lib/python3.8/site-packages/cryptography/hazmat/backends/openssl/ed25519.py first seen with mtime 1628946887.7478235
2021-09-10 12:41:49,199 File /var/www/html/passwordmanager/env/lib/python3.8/site-packages/cryptography/hazmat/backends/openssl/x448.py first seen with mtime 1628946887.7478235
2021-09-10 12:41:49,200 File /var/www/html/passwordmanager/env/lib/python3.8/site-packages/cryptography/hazmat/primitives/serialization/pkcs7.py first seen with mtime 1628946887.70382
2021-09-10 12:41:49,200 File /var/www/html/passwordmanager/env/lib/python3.8/site-packages/cryptography/hazmat/primitives/asymmetric/utils.py first seen with mtime 1628946887.6998196
2021-09-10 12:41:49,200 File /var/www/html/passwordmanager/env/lib/python3.8/site-packages/cryptography/hazmat/backends/openssl/utils.py first seen with mtime 1628946887.7478235
2021-09-10 12:41:49,200 File /var/www/html/passwordmanager/env/lib/python3.8/site-packages/cryptography/hazmat/backends/openssl/ocsp.py first seen with mtime 1628946887.7478235
2021-09-10 12:41:49,200 File /var/www/html/passwordmanager/env/lib/python3.8/site-packages/cryptography/hazmat/backends/openssl/dh.py first seen with mtime 1628946887.7478235
2021-09-10 12:41:49,200 File /var/www/html/passwordmanager/env/lib/python3.8/site-packages/cryptography/hazmat/backends/openssl/hashes.py first seen with mtime 1628946887.7478235
2021-09-10 12:41:49,200 File /var/www/html/passwordmanager/env/lib/python3.8/site-packages/cryptography/hazmat/_oid.py first seen with mtime 1628946887.6958194
2021-09-10 12:41:49,200 File /var/www/html/passwordmanager/env/lib/python3.8/site-packages/django/contrib/messages/utils.py first seen with mtime 1629009988.3353908
2021-09-10 12:41:49,200 File /var/www/html/passwordmanager/env/lib/python3.8/site-packages/cryptography/hazmat/backends/openssl/rsa.py first seen with mtime 1628946887.7478235
2021-09-10 12:41:49,200 File /var/www/html/passwordmanager/env/lib/python3.8/site-packages/cryptography/hazmat/backends/openssl/poly1305.py first seen with mtime 1628946887.7478235
2021-09-10 12:41:49,201 File /var/www/html/passwordmanager/env/lib/python3.8/site-packages/cryptography/hazmat/bindings/openssl/__init__.py first seen with mtime 1628946887.7478235
2021-09-10 12:41:49,201 File /var/www/html/passwordmanager/env/lib/python3.8/site-packages/cryptography/hazmat/primitives/asymmetric/__init__.py first seen with mtime 1628946887.6998196
2021-09-10 12:41:49,201 File /var/www/html/passwordmanager/env/lib/python3.8/site-packages/cryptography/x509/__init__.py first seen with mtime 1628946887.751824
2021-09-10 12:41:49,201 File /var/www/html/passwordmanager/env/lib/python3.8/site-packages/cryptography/hazmat/primitives/asymmetric/ec.py first seen with mtime 1628946887.6998196
2021-09-10 12:41:49,201 File /var/www/html/passwordmanager/env/lib/python3.8/site-packages/cryptography/hazmat/backends/openssl/ec.py first seen with mtime 1628946887.7478235
2021-09-10 12:41:49,201 File /var/www/html/passwordmanager/env/lib/python3.8/site-packages/cryptography/hazmat/primitives/asymmetric/ed448.py first seen with mtime 1628946887.6998196
2021-09-10 12:41:49,201 File /var/www/html/passwordmanager/env/lib/python3.8/site-packages/cryptography/hazmat/primitives/_asymmetric.py first seen with mtime 1628946887.6958194
2021-09-10 12:41:49,202 File /var/www/html/passwordmanager/env/lib/python3.8/site-packages/cryptography/hazmat/primitives/asymmetric/dsa.py first seen with mtime 1628946887.6998196
2021-09-10 12:41:49,202 File /var/www/html/passwordmanager/env/lib/python3.8/site-packages/django/contrib/messages/storage/base.py first seen with mtime 1629009988.3353908
2021-09-10 12:41:49,202 File /var/www/html/passwordmanager/env/lib/python3.8/site-packages/cryptography/hazmat/backends/openssl/dsa.py first seen with mtime 1628946887.751824
2021-09-10 12:41:49,202 File /var/www/html/passwordmanager/env/lib/python3.8/site-packages/cryptography/x509/extensions.py first seen with mtime 1628946887.751824
2021-09-10 12:41:49,202 File /var/www/html/passwordmanager/env/lib/python3.8/site-packages/cryptography/x509/base.py first seen with mtime 1628946887.751824
2021-09-10 12:41:49,202 File /var/www/html/passwordmanager/env/lib/python3.8/site-packages/cryptography/hazmat/backends/openssl/cmac.py first seen with mtime 1628946887.7478235
2021-09-10 12:41:49,202 File /var/www/html/passwordmanager/env/lib/python3.8/site-packages/cryptography/hazmat/backends/openssl/aead.py first seen with mtime 1628946887.7478235
2021-09-10 12:41:49,203 File /var/www/html/passwordmanager/env/lib/python3.8/site-packages/cryptography/hazmat/bindings/_openssl.abi3.so first seen with mtime 1628946887.7398229
2021-09-10 12:41:49,203 File /var/www/html/passwordmanager/env/lib/python3.8/site-packages/cryptography/hazmat/primitives/serialization/base.py first seen with mtime 1628946887.70382
2021-09-10 12:41:49,203 File /var/www/html/passwordmanager/env/lib/python3.8/site-packages/cryptography/hazmat/backends/openssl/encode_asn1.py first seen with mtime 1628946887.7478235
2021-09-10 12:41:49,203 File /var/www/html/passwordmanager/env/lib/python3.8/site-packages/cryptography/x509/name.py first seen with mtime 1628946887.751824
2021-09-10 12:41:49,203 File /var/www/html/passwordmanager/env/lib/python3.8/site-packages/cryptography/hazmat/backends/openssl/hmac.py first seen with mtime 1628946887.7478235
2021-09-10 12:41:49,203 File /var/www/html/passwordmanager/env/lib/python3.8/site-packages/cryptography/hazmat/backends/openssl/__init__.py first seen with mtime 1628946887.7478235
2021-09-10 12:41:49,204 File /var/www/html/passwordmanager/env/lib/python3.8/site-packages/django/contrib/messages/storage/fallback.py first seen with mtime 1629009988.3353908
2021-09-10 12:41:49,204 File /var/www/html/passwordmanager/env/lib/python3.8/site-packages/django/contrib/sessions/serializers.py first seen with mtime 1629009988.3713903
2021-09-10 12:41:49,204 File /var/www/html/passwordmanager/env/lib/python3.8/site-packages/cryptography/hazmat/primitives/asymmetric/padding.py first seen with mtime 1628946887.6998196
2021-09-10 12:41:49,204 File /var/www/html/passwordmanager/env/lib/python3.8/site-packages/cryptography/x509/general_name.py first seen with mtime 1628946887.751824
2021-09-10 12:41:49,204 File /var/www/html/passwordmanager/env/lib/python3.8/site-packages/cryptography/hazmat/backends/openssl/ed448.py first seen with mtime 1628946887.7478235
2021-09-10 12:41:49,204 File /var/www/html/passwordmanager/env/lib/python3.8/site-packages/cryptography/hazmat/backends/openssl/backend.py first seen with mtime 1628946887.751824
2021-09-10 12:41:49,205 File /var/www/html/passwordmanager/env/lib/python3.8/site-packages/django/contrib/messages/storage/cookie.py first seen with mtime 1629009988.3353908
2021-09-10 12:41:49,205 File /var/www/html/passwordmanager/env/lib/python3.8/site-packages/cryptography/hazmat/_types.py first seen with mtime 1628946887.6958194
2021-09-10 12:41:49,205 File /var/www/html/passwordmanager/env/lib/python3.8/site-packages/cryptography/x509/certificate_transparency.py first seen with mtime 1628946887.751824
2021-09-10 12:41:49,205 File /var/www/html/passwordmanager/env/lib/python3.8/site-packages/cryptography/hazmat/primitives/asymmetric/x448.py first seen with mtime 1628946887.6998196
2021-09-10 12:41:49,206 File /var/www/html/passwordmanager/env/lib/python3.8/site-packages/cryptography/hazmat/primitives/_serialization.py first seen with mtime 1628946887.6998196
2021-09-10 12:41:49,206 File /var/www/html/passwordmanager/env/lib/python3.8/site-packages/cryptography/hazmat/backends/openssl/decode_asn1.py first seen with mtime 1628946887.7478235
2021-09-10 12:41:49,206 File /var/www/html/passwordmanager/env/lib/python3.8/site-packages/cryptography/hazmat/primitives/asymmetric/dh.py first seen with mtime 1628946887.6998196
2021-09-10 12:41:49,206 File /var/www/html/passwordmanager/env/lib/python3.8/site-packages/cryptography/x509/ocsp.py first seen with mtime 1628946887.751824
2021-09-10 12:41:49,206 File /var/www/html/passwordmanager/env/lib/python3.8/site-packages/cryptography/hazmat/primitives/asymmetric/rsa.py first seen with mtime 1628946887.6998196
2021-09-10 12:41:49,206 File /var/www/html/passwordmanager/env/lib/python3.8/site-packages/cryptography/x509/oid.py first seen with mtime 1628946887.751824
2021-09-10 12:41:49,206 File /var/www/html/passwordmanager/env/lib/python3.8/site-packages/cryptography/hazmat/_der.py first seen with mtime 1628946887.6958194
2021-09-10 12:41:49,206 File /var/www/html/passwordmanager/env/lib/python3.8/site-packages/cryptography/hazmat/primitives/asymmetric/x25519.py first seen with mtime 1628946887.6998196
2021-09-10 12:41:49,207 File /var/www/html/passwordmanager/env/lib/python3.8/site-packages/cryptography/hazmat/backends/openssl/x25519.py first seen with mtime 1628946887.7478235
2021-09-10 12:41:49,207 File /var/www/html/passwordmanager/env/lib/python3.8/site-packages/cryptography/hazmat/backends/openssl/ciphers.py first seen with mtime 1628946887.751824
2021-09-10 12:41:49,207 File /var/www/html/passwordmanager/env/lib/python3.8/site-packages/cryptography/hazmat/primitives/serialization/ssh.py first seen with mtime 1628946887.70382
2021-09-10 12:41:49,207 File /var/www/html/passwordmanager/env/lib/python3.8/site-packages/cryptography/hazmat/primitives/serialization/__init__.py first seen with mtime 1628946887.70382
2021-09-10 12:41:49,207 File /var/www/html/passwordmanager/env/lib/python3.8/site-packages/cryptography/hazmat/bindings/openssl/_conditional.py first seen with mtime 1628946887.7478235
2021-09-10 13:49:12,277 (0.000) SELECT "core_customerentity"."id", "core_customerentity"."username", "core_customerentity"."firstname", "core_customerentity"."lastname", "core_customerentity"."password_hash" FROM "core_customerentity" WHERE "core_customerentity"."username" = 'sufyankhot123'; args=('sufyankhot123',)
2021-09-10 13:49:12,300 (0.022) INSERT INTO "core_customerentity" ("username", "firstname", "lastname", "password_hash") VALUES ('sufyankhot123', 'Sufyan', 'Khot', '2f6ae69a8a09631140e829a53fa184541df97feaa3987547c47747f354f331f8'); args=['sufyankhot123', 'Sufyan', 'Khot', '2f6ae69a8a09631140e829a53fa184541df97feaa3987547c47747f354f331f8']
2021-09-10 13:49:12,303 "POST /register/ HTTP/1.1" 200 54
2021-09-10 13:49:51,781 (0.001) SELECT "core_customerentity"."id", "core_customerentity"."username", "core_customerentity"."firstname", "core_customerentity"."lastname", "core_customerentity"."password_hash" FROM "core_customerentity" WHERE "core_customerentity"."username" = 'sufyankhot123' LIMIT 21; args=('sufyankhot123',)
2021-09-10 13:49:51,784 (0.001) SELECT "core_customercredentials"."id", "core_customercredentials"."for_website", "core_customercredentials"."website_username", "core_customercredentials"."salt_hash", "core_customercredentials"."customer_id_id" FROM "core_customercredentials" WHERE ("core_customercredentials"."customer_id_id" = 15 AND "core_customercredentials"."for_website" = 'reddit' AND "core_customercredentials"."website_username" = 'khotsufyan') LIMIT 21; args=(15, 'reddit', 'khotsufyan')
2021-09-10 13:49:51,808 (0.021) INSERT INTO "core_customerkey" ("customer_id_id", "salt", "for_website", "website_username") VALUES (15, X'599606BA14DECCCAFEEE65ED0CF2F816', 'reddit', 'khotsufyan'); args=[15, <memory at 0x7f6cc9786100>, 'reddit', 'khotsufyan']
2021-09-10 13:49:51,876 (0.009) INSERT INTO "core_customercredentials" ("for_website", "website_username", "salt_hash", "customer_id_id") VALUES ('reddit', 'khotsufyan', X'67414141414142684F324A5F507431545339524E73386F3678732D4F61456E4C7A6A654C395774616546386D4747704D3579367245504C7A344C5A565235597759423845494D6D3874345F572D6F7149564B7772304A667934436949694B775851736C7177396B74413249464B33556E36686A30566A493D', 15); args=['reddit', 'khotsufyan', <memory at 0x7f6cc9786280>, 15]
2021-09-10 13:49:51,878 "POST /newcreds/ HTTP/1.1" 200 68
2021-09-10 13:50:23,358 (0.000) SELECT "core_customerentity"."id", "core_customerentity"."username", "core_customerentity"."firstname", "core_customerentity"."lastname", "core_customerentity"."password_hash" FROM "core_customerentity" WHERE "core_customerentity"."username" = 'sufyankhot123' LIMIT 21; args=('sufyankhot123',)
2021-09-10 13:50:23,360 (0.000) SELECT "core_customercredentials"."id", "core_customercredentials"."for_website", "core_customercredentials"."website_username", "core_customercredentials"."salt_hash", "core_customercredentials"."customer_id_id" FROM "core_customercredentials" WHERE ("core_customercredentials"."customer_id_id" = 15 AND "core_customercredentials"."for_website" = 'reddit' AND "core_customercredentials"."website_username" = 'khotsufyan') LIMIT 21; args=(15, 'reddit', 'khotsufyan')
2021-09-10 13:50:23,361 (0.000) SELECT "core_customerkey"."id", "core_customerkey"."customer_id_id", "core_customerkey"."salt", "core_customerkey"."for_website", "core_customerkey"."website_username" FROM "core_customerkey" WHERE ("core_customerkey"."customer_id_id" = 15 AND "core_customerkey"."for_website" = 'reddit' AND "core_customerkey"."website_username" = 'khotsufyan') LIMIT 21; args=(15, 'reddit', 'khotsufyan')
2021-09-10 13:50:23,424 "POST /getcreds/ HTTP/1.1" 200 57
2021-09-10 13:50:56,142 (0.001) SELECT "core_customerentity"."id", "core_customerentity"."username", "core_customerentity"."firstname", "core_customerentity"."lastname", "core_customerentity"."password_hash" FROM "core_customerentity" WHERE "core_customerentity"."username" = 'sufyankhot123' LIMIT 21; args=('sufyankhot123',)
2021-09-10 13:50:56,146 (0.000) SELECT "core_customercredentials"."id", "core_customercredentials"."for_website", "core_customercredentials"."website_username", "core_customercredentials"."salt_hash", "core_customercredentials"."customer_id_id" FROM "core_customercredentials" WHERE ("core_customercredentials"."customer_id_id" = 15 AND "core_customercredentials"."for_website" = 'reddit' AND "core_customercredentials"."website_username" = 'sufyanreddit2') LIMIT 21; args=(15, 'reddit', 'sufyanreddit2')
2021-09-10 13:50:56,163 (0.014) INSERT INTO "core_customerkey" ("customer_id_id", "salt", "for_website", "website_username") VALUES (15, X'C5D161F82C234CF153DB2F310CF2F816', 'reddit', 'sufyanreddit2'); args=[15, <memory at 0x7f6cc9786dc0>, 'reddit', 'sufyanreddit2']
2021-09-10 13:50:56,324 (0.019) INSERT INTO "core_customercredentials" ("for_website", "website_username", "salt_hash", "customer_id_id") VALUES ('reddit', 'sufyanreddit2', X'67414141414142684F324C414231415F704E5739415A7050566673433378614771537841732D796345596F45385A5A566D37723037596F3254564C5968584C43695A37614D62506747326677576E39554B4E313557327532367548657A524E6B6F773D3D', 15); args=['reddit', 'sufyanreddit2', <memory at 0x7f6cc9786dc0>, 15]
2021-09-10 13:50:56,327 "POST /newcreds/ HTTP/1.1" 200 68
2021-09-10 13:51:15,008 (0.001) SELECT "core_customerentity"."id", "core_customerentity"."username", "core_customerentity"."firstname", "core_customerentity"."lastname", "core_customerentity"."password_hash" FROM "core_customerentity" WHERE "core_customerentity"."username" = 'sufyankhot123' LIMIT 21; args=('sufyankhot123',)
2021-09-10 13:51:15,013 (0.000) SELECT "core_customercredentials"."id", "core_customercredentials"."for_website", "core_customercredentials"."website_username", "core_customercredentials"."salt_hash", "core_customercredentials"."customer_id_id" FROM "core_customercredentials" WHERE ("core_customercredentials"."customer_id_id" = 15 AND "core_customercredentials"."for_website" = 'reddit'); args=(15, 'reddit')
2021-09-10 13:51:15,015 (0.000) SELECT "core_customerkey"."id", "core_customerkey"."customer_id_id", "core_customerkey"."salt", "core_customerkey"."for_website", "core_customerkey"."website_username" FROM "core_customerkey" WHERE ("core_customerkey"."customer_id_id" = 15 AND "core_customerkey"."for_website" = 'reddit' AND "core_customerkey"."website_username" = 'khotsufyan') LIMIT 21; args=(15, 'reddit', 'khotsufyan')
2021-09-10 13:51:15,080 (0.000) SELECT "core_customerkey"."id", "core_customerkey"."customer_id_id", "core_customerkey"."salt", "core_customerkey"."for_website", "core_customerkey"."website_username" FROM "core_customerkey" WHERE ("core_customerkey"."customer_id_id" = 15 AND "core_customerkey"."for_website" = 'reddit' AND "core_customerkey"."website_username" = 'sufyanreddit2') LIMIT 21; args=(15, 'reddit', 'sufyanreddit2')
2021-09-10 13:51:15,136 "POST /getwebsitecreds/ HTTP/1.1" 200 173
2021-09-10 16:24:22,154 Exception while resolving variable 'name' in template 'unknown'.
Traceback (most recent call last):
  File "/var/www/html/passwordmanager/env/lib/python3.8/site-packages/django/core/handlers/exception.py", line 47, in inner
    response = get_response(request)
  File "/var/www/html/passwordmanager/env/lib/python3.8/site-packages/django/core/handlers/base.py", line 167, in _get_response
    callback, callback_args, callback_kwargs = self.resolve_request(request)
  File "/var/www/html/passwordmanager/env/lib/python3.8/site-packages/django/core/handlers/base.py", line 290, in resolve_request
    resolver_match = resolver.resolve(request.path_info)
  File "/var/www/html/passwordmanager/env/lib/python3.8/site-packages/django/urls/resolvers.py", line 585, in resolve
    raise Resolver404({'tried': tried, 'path': new_path})
django.urls.exceptions.Resolver404: {'tried': [[<URLResolver <URLPattern list> (admin:admin) 'admin/'>], [<URLPattern 'register/' [name='register']>], [<URLPattern 'verifyuser/' [name='verifyuser']>], [<URLPattern 'newcreds/' [name='newcreds']>], [<URLPattern 'getcreds/' [name='getcreds']>], [<URLPattern 'getwebsitecreds/' [name='getcreds']>]], 'path': ''}

During handling of the above exception, another exception occurred:

Traceback (most recent call last):
  File "/var/www/html/passwordmanager/env/lib/python3.8/site-packages/django/template/base.py", line 829, in _resolve_lookup
    current = current[bit]
TypeError: 'URLResolver' object is not subscriptable

During handling of the above exception, another exception occurred:

Traceback (most recent call last):
  File "/var/www/html/passwordmanager/env/lib/python3.8/site-packages/django/template/base.py", line 837, in _resolve_lookup
    current = getattr(current, bit)
AttributeError: 'URLResolver' object has no attribute 'name'

During handling of the above exception, another exception occurred:

Traceback (most recent call last):
  File "/var/www/html/passwordmanager/env/lib/python3.8/site-packages/django/template/base.py", line 843, in _resolve_lookup
    current = current[int(bit)]
ValueError: invalid literal for int() with base 10: 'name'

During handling of the above exception, another exception occurred:

Traceback (most recent call last):
  File "/var/www/html/passwordmanager/env/lib/python3.8/site-packages/django/template/base.py", line 848, in _resolve_lookup
    raise VariableDoesNotExist("Failed lookup for key "
django.template.base.VariableDoesNotExist: Failed lookup for key [name] in <URLResolver <URLPattern list> (admin:admin) 'admin/'>
2021-09-10 16:24:22,155 Not Found: /
2021-09-10 16:24:22,156 "GET / HTTP/1.1" 404 2712
2021-09-10 16:24:22,235 Exception while resolving variable 'name' in template 'unknown'.
Traceback (most recent call last):
  File "/var/www/html/passwordmanager/env/lib/python3.8/site-packages/django/core/handlers/exception.py", line 47, in inner
    response = get_response(request)
  File "/var/www/html/passwordmanager/env/lib/python3.8/site-packages/django/core/handlers/base.py", line 167, in _get_response
    callback, callback_args, callback_kwargs = self.resolve_request(request)
  File "/var/www/html/passwordmanager/env/lib/python3.8/site-packages/django/core/handlers/base.py", line 290, in resolve_request
    resolver_match = resolver.resolve(request.path_info)
  File "/var/www/html/passwordmanager/env/lib/python3.8/site-packages/django/urls/resolvers.py", line 585, in resolve
    raise Resolver404({'tried': tried, 'path': new_path})
django.urls.exceptions.Resolver404: {'tried': [[<URLResolver <URLPattern list> (admin:admin) 'admin/'>], [<URLPattern 'register/' [name='register']>], [<URLPattern 'verifyuser/' [name='verifyuser']>], [<URLPattern 'newcreds/' [name='newcreds']>], [<URLPattern 'getcreds/' [name='getcreds']>], [<URLPattern 'getwebsitecreds/' [name='getcreds']>]], 'path': 'favicon.ico'}

During handling of the above exception, another exception occurred:

Traceback (most recent call last):
  File "/var/www/html/passwordmanager/env/lib/python3.8/site-packages/django/template/base.py", line 829, in _resolve_lookup
    current = current[bit]
TypeError: 'URLResolver' object is not subscriptable

During handling of the above exception, another exception occurred:

Traceback (most recent call last):
  File "/var/www/html/passwordmanager/env/lib/python3.8/site-packages/django/template/base.py", line 837, in _resolve_lookup
    current = getattr(current, bit)
AttributeError: 'URLResolver' object has no attribute 'name'

During handling of the above exception, another exception occurred:

Traceback (most recent call last):
  File "/var/www/html/passwordmanager/env/lib/python3.8/site-packages/django/template/base.py", line 843, in _resolve_lookup
    current = current[int(bit)]
ValueError: invalid literal for int() with base 10: 'name'

During handling of the above exception, another exception occurred:

Traceback (most recent call last):
  File "/var/www/html/passwordmanager/env/lib/python3.8/site-packages/django/template/base.py", line 848, in _resolve_lookup
    raise VariableDoesNotExist("Failed lookup for key "
django.template.base.VariableDoesNotExist: Failed lookup for key [name] in <URLResolver <URLPattern list> (admin:admin) 'admin/'>
2021-09-10 16:24:22,236 Not Found: /favicon.ico
2021-09-10 16:24:22,236 "GET /favicon.ico HTTP/1.1" 404 2763
